2022-07-24 11:05:34,203 INFO notifyConnectTimeout:200

2022-07-24 11:05:34,215 INFO notifySocketTimeout:8000

2022-07-24 11:05:34,215 INFO isHealthCheck:true

2022-07-24 11:05:34,216 INFO maxHealthCheckFailCount:12

2022-07-24 11:05:34,218 INFO maxContent:10485760

2022-07-24 11:05:34,220 INFO spring.datasource.platform:mysql

2022-07-24 11:05:34,438 INFO notifyConnectTimeout:200

2022-07-24 11:05:34,453 INFO notifySocketTimeout:8000

2022-07-24 11:05:34,454 INFO isHealthCheck:true

2022-07-24 11:05:34,455 INFO maxHealthCheckFailCount:12

2022-07-24 11:05:34,457 INFO maxContent:10485760

2022-07-24 11:05:34,459 INFO spring.datasource.platform:mysql

2022-07-24 11:05:34,864 INFO notifyConnectTimeout:200

2022-07-24 11:05:34,881 INFO notifySocketTimeout:8000

2022-07-24 11:05:34,882 INFO isHealthCheck:true

2022-07-24 11:05:34,883 INFO maxHealthCheckFailCount:12

2022-07-24 11:05:34,884 INFO maxContent:10485760

2022-07-24 11:05:34,887 INFO spring.datasource.platform:mysql

2022-07-24 11:06:01,502 WARN DumpService start

2022-07-24 11:06:01,539 INFO start clear all config-info.

2022-07-24 11:06:01,547 WARN clear all config-info failed.

2022-07-24 11:06:01,548 WARN clear all config-info-tenant failed.

2022-07-24 11:06:01,724 WARN DumpService start

2022-07-24 11:06:01,777 INFO [all-dump] 1 / 1

2022-07-24 11:06:01,778 INFO start clear all config-info-beta.

2022-07-24 11:06:01,772 INFO start clear all config-info.

2022-07-24 11:06:01,780 WARN clear all config-info-beta failed.

2022-07-24 11:06:01,782 WARN clear all config-info-beta-tenant failed.

2022-07-24 11:06:01,787 INFO start clear all config-info-tag.

2022-07-24 11:06:01,782 WARN clear all config-info failed.

2022-07-24 11:06:01,789 WARN clear all config-info-tenant failed.

2022-07-24 11:06:01,788 WARN clear all config-info-tag failed.

2022-07-24 11:06:01,792 WARN clear all config-info-tag-tenant failed.

2022-07-24 11:06:01,809 WARN initialDelay:289

2022-07-24 11:06:02,860 INFO [all-dump] 1 / 1

2022-07-24 11:06:02,862 INFO start clear all config-info-beta.

2022-07-24 11:06:02,866 WARN clear all config-info-beta failed.

2022-07-24 11:06:02,868 WARN clear all config-info-beta-tenant failed.

2022-07-24 11:06:02,875 INFO start clear all config-info-tag.

2022-07-24 11:06:02,877 WARN clear all config-info-tag failed.

2022-07-24 11:06:02,886 WARN clear all config-info-tag-tenant failed.

2022-07-24 11:06:02,896 WARN initialDelay:53

2022-07-24 11:06:03,233 WARN DumpService start

2022-07-24 11:06:03,289 INFO start clear all config-info.

2022-07-24 11:06:03,297 WARN clear all config-info failed.

2022-07-24 11:06:03,300 WARN clear all config-info-tenant failed.

2022-07-24 11:06:04,199 INFO [all-dump] 1 / 1

2022-07-24 11:06:04,202 INFO start clear all config-info-beta.

2022-07-24 11:06:04,203 WARN clear all config-info-beta failed.

2022-07-24 11:06:04,204 WARN clear all config-info-beta-tenant failed.

2022-07-24 11:06:04,215 INFO start clear all config-info-tag.

2022-07-24 11:06:04,216 WARN clear all config-info-tag failed.

2022-07-24 11:06:04,218 WARN clear all config-info-tag-tenant failed.

2022-07-24 11:06:04,230 WARN initialDelay:161

