2022-07-24 11:06:34,610 INFO PERFORMANCE:|serviceCount|ipCount|subscribeCount|maxPushCost|avgPushCost|totalPushCount|failPushCount

2022-07-24 11:06:34,612 INFO DISTRO:|V1SyncDone|V1SyncFail|V2SyncDone|V2SyncFail|V2VerifyFail|

2022-07-24 11:06:34,612 INFO PERFORMANCE:|0|0|0|-1|-1|0|0

2022-07-24 11:06:34,616 INFO Task worker status: 
naming_0%4, pending tasks: 0
naming_1%4, pending tasks: 0
naming_2%4, pending tasks: 0
naming_3%4, pending tasks: 0


2022-07-24 11:06:34,618 INFO DISTRO:|0|0|0|0|0|

2022-07-24 11:06:35,132 INFO PERFORMANCE:|serviceCount|ipCount|subscribeCount|maxPushCost|avgPushCost|totalPushCount|failPushCount

2022-07-24 11:06:35,133 INFO DISTRO:|V1SyncDone|V1SyncFail|V2SyncDone|V2SyncFail|V2VerifyFail|

2022-07-24 11:06:35,134 INFO PERFORMANCE:|0|0|0|-1|-1|0|0

2022-07-24 11:06:35,136 INFO Task worker status: 
naming_0%4, pending tasks: 0
naming_1%4, pending tasks: 0
naming_2%4, pending tasks: 0
naming_3%4, pending tasks: 0


2022-07-24 11:06:35,138 INFO DISTRO:|0|0|0|0|0|

2022-07-24 11:06:36,132 INFO PERFORMANCE:|serviceCount|ipCount|subscribeCount|maxPushCost|avgPushCost|totalPushCount|failPushCount

2022-07-24 11:06:36,134 INFO DISTRO:|V1SyncDone|V1SyncFail|V2SyncDone|V2SyncFail|V2VerifyFail|

2022-07-24 11:06:36,135 INFO PERFORMANCE:|0|0|0|-1|-1|0|0

2022-07-24 11:06:36,138 INFO Task worker status: 
naming_0%4, pending tasks: 0
naming_1%4, pending tasks: 0
naming_2%4, pending tasks: 0
naming_3%4, pending tasks: 0


2022-07-24 11:06:36,140 INFO DISTRO:|0|0|0|0|0|

