2022-07-24 11:05:54,642 INFO Initializes the Raft protocol, raft-config info : {}

2022-07-24 11:05:54,727 INFO Initializes the Raft protocol, raft-config info : {}

2022-07-24 11:05:55,486 INFO Initializes the Raft protocol, raft-config info : {}

2022-07-24 11:05:55,674 INFO ========= The raft protocol is starting... =========

2022-07-24 11:05:55,738 INFO ========= The raft protocol is starting... =========

2022-07-24 11:05:56,443 INFO ========= The raft protocol is starting... =========

2022-07-24 11:05:56,554 INFO ========= The raft protocol start finished... =========

2022-07-24 11:05:56,565 INFO create raft group : naming_persistent_service

2022-07-24 11:05:56,827 INFO ========= The raft protocol start finished... =========

2022-07-24 11:05:56,875 INFO create raft group : naming_persistent_service

2022-07-24 11:05:57,361 INFO ========= The raft protocol start finished... =========

2022-07-24 11:05:57,388 INFO create raft group : naming_persistent_service

2022-07-24 11:06:00,362 ERROR Failed to join the cluster, retry...

java.lang.IllegalStateException: Fail to get leader of group naming_persistent_service, Unknown leader, Unknown leader
	at com.alipay.sofa.jraft.core.CliServiceImpl.getPeers(CliServiceImpl.java:631)
	at com.alipay.sofa.jraft.core.CliServiceImpl.getPeers(CliServiceImpl.java:524)
	at com.alibaba.nacos.core.distributed.raft.JRaftServer.registerSelfToCluster(JRaftServer.java:362)
	at com.alibaba.nacos.core.distributed.raft.JRaftServer.lambda$createMultiRaftGroup$0(JRaftServer.java:273)
	at java.util.concurrent.Executors$RunnableAdapter.call(Executors.java:511)
	at java.util.concurrent.FutureTask.run(FutureTask.java:266)
	at java.util.concurrent.ScheduledThreadPoolExecutor$ScheduledFutureTask.access$201(ScheduledThreadPoolExecutor.java:180)
	at java.util.concurrent.ScheduledThreadPoolExecutor$ScheduledFutureTask.run(ScheduledThreadPoolExecutor.java:293)
	at java.util.concurrent.ThreadPoolExecutor.runWorker(ThreadPoolExecutor.java:1149)
	at java.util.concurrent.ThreadPoolExecutor$Worker.run(ThreadPoolExecutor.java:624)
	at java.lang.Thread.run(Thread.java:750)
2022-07-24 11:06:00,385 ERROR Failed to join the cluster, retry...

java.lang.IllegalStateException: Fail to get leader of group naming_persistent_service, Unknown leader
	at com.alipay.sofa.jraft.core.CliServiceImpl.getPeers(CliServiceImpl.java:631)
	at com.alipay.sofa.jraft.core.CliServiceImpl.getPeers(CliServiceImpl.java:524)
	at com.alibaba.nacos.core.distributed.raft.JRaftServer.registerSelfToCluster(JRaftServer.java:362)
	at com.alibaba.nacos.core.distributed.raft.JRaftServer.lambda$createMultiRaftGroup$0(JRaftServer.java:273)
	at java.util.concurrent.Executors$RunnableAdapter.call(Executors.java:511)
	at java.util.concurrent.FutureTask.run(FutureTask.java:266)
	at java.util.concurrent.ScheduledThreadPoolExecutor$ScheduledFutureTask.access$201(ScheduledThreadPoolExecutor.java:180)
	at java.util.concurrent.ScheduledThreadPoolExecutor$ScheduledFutureTask.run(ScheduledThreadPoolExecutor.java:293)
	at java.util.concurrent.ThreadPoolExecutor.runWorker(ThreadPoolExecutor.java:1149)
	at java.util.concurrent.ThreadPoolExecutor$Worker.run(ThreadPoolExecutor.java:624)
	at java.lang.Thread.run(Thread.java:750)
2022-07-24 11:06:00,559 ERROR Failed to join the cluster, retry...

java.lang.IllegalStateException: Fail to get leader of group naming_persistent_service
	at com.alipay.sofa.jraft.core.CliServiceImpl.getPeers(CliServiceImpl.java:631)
	at com.alipay.sofa.jraft.core.CliServiceImpl.getPeers(CliServiceImpl.java:524)
	at com.alibaba.nacos.core.distributed.raft.JRaftServer.registerSelfToCluster(JRaftServer.java:362)
	at com.alibaba.nacos.core.distributed.raft.JRaftServer.lambda$createMultiRaftGroup$0(JRaftServer.java:273)
	at java.util.concurrent.Executors$RunnableAdapter.call(Executors.java:511)
	at java.util.concurrent.FutureTask.run(FutureTask.java:266)
	at java.util.concurrent.ScheduledThreadPoolExecutor$ScheduledFutureTask.access$201(ScheduledThreadPoolExecutor.java:180)
	at java.util.concurrent.ScheduledThreadPoolExecutor$ScheduledFutureTask.run(ScheduledThreadPoolExecutor.java:293)
	at java.util.concurrent.ThreadPoolExecutor.runWorker(ThreadPoolExecutor.java:1149)
	at java.util.concurrent.ThreadPoolExecutor$Worker.run(ThreadPoolExecutor.java:624)
	at java.lang.Thread.run(Thread.java:750)
2022-07-24 11:06:01,728 ERROR Failed to join the cluster, retry...

java.lang.IllegalStateException: Fail to get leader of group naming_persistent_service, Unknown leader, Unknown leader, Unknown leader
	at com.alipay.sofa.jraft.core.CliServiceImpl.getPeers(CliServiceImpl.java:631)
	at com.alipay.sofa.jraft.core.CliServiceImpl.getPeers(CliServiceImpl.java:524)
	at com.alibaba.nacos.core.distributed.raft.JRaftServer.registerSelfToCluster(JRaftServer.java:362)
	at com.alibaba.nacos.core.distributed.raft.JRaftServer.lambda$createMultiRaftGroup$0(JRaftServer.java:273)
	at java.util.concurrent.Executors$RunnableAdapter.call(Executors.java:511)
	at java.util.concurrent.FutureTask.run(FutureTask.java:266)
	at java.util.concurrent.ScheduledThreadPoolExecutor$ScheduledFutureTask.access$201(ScheduledThreadPoolExecutor.java:180)
	at java.util.concurrent.ScheduledThreadPoolExecutor$ScheduledFutureTask.run(ScheduledThreadPoolExecutor.java:293)
	at java.util.concurrent.ThreadPoolExecutor.runWorker(ThreadPoolExecutor.java:1149)
	at java.util.concurrent.ThreadPoolExecutor$Worker.run(ThreadPoolExecutor.java:624)
	at java.lang.Thread.run(Thread.java:750)
2022-07-24 11:06:01,777 ERROR Failed to join the cluster, retry...

java.lang.IllegalStateException: Fail to get leader of group naming_persistent_service, Unknown leader, Unknown leader, Unknown leader
	at com.alipay.sofa.jraft.core.CliServiceImpl.getPeers(CliServiceImpl.java:631)
	at com.alipay.sofa.jraft.core.CliServiceImpl.getPeers(CliServiceImpl.java:524)
	at com.alibaba.nacos.core.distributed.raft.JRaftServer.registerSelfToCluster(JRaftServer.java:362)
	at com.alibaba.nacos.core.distributed.raft.JRaftServer.lambda$createMultiRaftGroup$0(JRaftServer.java:273)
	at java.util.concurrent.Executors$RunnableAdapter.call(Executors.java:511)
	at java.util.concurrent.FutureTask.run(FutureTask.java:266)
	at java.util.concurrent.ScheduledThreadPoolExecutor$ScheduledFutureTask.access$201(ScheduledThreadPoolExecutor.java:180)
	at java.util.concurrent.ScheduledThreadPoolExecutor$ScheduledFutureTask.run(ScheduledThreadPoolExecutor.java:293)
	at java.util.concurrent.ThreadPoolExecutor.runWorker(ThreadPoolExecutor.java:1149)
	at java.util.concurrent.ThreadPoolExecutor$Worker.run(ThreadPoolExecutor.java:624)
	at java.lang.Thread.run(Thread.java:750)
2022-07-24 11:06:01,827 ERROR Failed to join the cluster, retry...

java.lang.IllegalStateException: Fail to get leader of group naming_persistent_service, Unknown leader, Unknown leader, Unknown leader
	at com.alipay.sofa.jraft.core.CliServiceImpl.getPeers(CliServiceImpl.java:631)
	at com.alipay.sofa.jraft.core.CliServiceImpl.getPeers(CliServiceImpl.java:524)
	at com.alibaba.nacos.core.distributed.raft.JRaftServer.registerSelfToCluster(JRaftServer.java:362)
	at com.alibaba.nacos.core.distributed.raft.JRaftServer.lambda$createMultiRaftGroup$0(JRaftServer.java:273)
	at java.util.concurrent.Executors$RunnableAdapter.call(Executors.java:511)
	at java.util.concurrent.FutureTask.run(FutureTask.java:266)
	at java.util.concurrent.ScheduledThreadPoolExecutor$ScheduledFutureTask.access$201(ScheduledThreadPoolExecutor.java:180)
	at java.util.concurrent.ScheduledThreadPoolExecutor$ScheduledFutureTask.run(ScheduledThreadPoolExecutor.java:293)
	at java.util.concurrent.ThreadPoolExecutor.runWorker(ThreadPoolExecutor.java:1149)
	at java.util.concurrent.ThreadPoolExecutor$Worker.run(ThreadPoolExecutor.java:624)
	at java.lang.Thread.run(Thread.java:750)
2022-07-24 11:06:03,149 ERROR Fail to refresh leader for group : naming_persistent_service, status is : Status[UNKNOWN<-1>: Unknown leader, Unknown leader, Unknown leader]

2022-07-24 11:06:03,347 ERROR Failed to join the cluster, retry...

java.lang.IllegalStateException: Fail to get leader of group naming_persistent_service, Unknown leader, Unknown leader, Unknown leader
	at com.alipay.sofa.jraft.core.CliServiceImpl.getPeers(CliServiceImpl.java:631)
	at com.alipay.sofa.jraft.core.CliServiceImpl.getPeers(CliServiceImpl.java:524)
	at com.alibaba.nacos.core.distributed.raft.JRaftServer.registerSelfToCluster(JRaftServer.java:362)
	at com.alibaba.nacos.core.distributed.raft.JRaftServer.lambda$createMultiRaftGroup$0(JRaftServer.java:273)
	at java.util.concurrent.Executors$RunnableAdapter.call(Executors.java:511)
	at java.util.concurrent.FutureTask.run(FutureTask.java:266)
	at java.util.concurrent.ScheduledThreadPoolExecutor$ScheduledFutureTask.access$201(ScheduledThreadPoolExecutor.java:180)
	at java.util.concurrent.ScheduledThreadPoolExecutor$ScheduledFutureTask.run(ScheduledThreadPoolExecutor.java:293)
	at java.util.concurrent.ThreadPoolExecutor.runWorker(ThreadPoolExecutor.java:1149)
	at java.util.concurrent.ThreadPoolExecutor$Worker.run(ThreadPoolExecutor.java:624)
	at java.lang.Thread.run(Thread.java:750)
2022-07-24 11:06:03,457 ERROR Failed to join the cluster, retry...

java.lang.IllegalStateException: Fail to get leader of group naming_persistent_service, Unknown leader, Unknown leader, Unknown leader
	at com.alipay.sofa.jraft.core.CliServiceImpl.getPeers(CliServiceImpl.java:631)
	at com.alipay.sofa.jraft.core.CliServiceImpl.getPeers(CliServiceImpl.java:524)
	at com.alibaba.nacos.core.distributed.raft.JRaftServer.registerSelfToCluster(JRaftServer.java:362)
	at com.alibaba.nacos.core.distributed.raft.JRaftServer.lambda$createMultiRaftGroup$0(JRaftServer.java:273)
	at java.util.concurrent.Executors$RunnableAdapter.call(Executors.java:511)
	at java.util.concurrent.FutureTask.run(FutureTask.java:266)
	at java.util.concurrent.ScheduledThreadPoolExecutor$ScheduledFutureTask.access$201(ScheduledThreadPoolExecutor.java:180)
	at java.util.concurrent.ScheduledThreadPoolExecutor$ScheduledFutureTask.run(ScheduledThreadPoolExecutor.java:293)
	at java.util.concurrent.ThreadPoolExecutor.runWorker(ThreadPoolExecutor.java:1149)
	at java.util.concurrent.ThreadPoolExecutor$Worker.run(ThreadPoolExecutor.java:624)
	at java.lang.Thread.run(Thread.java:750)
2022-07-24 11:06:03,471 ERROR Fail to refresh leader for group : naming_persistent_service, status is : Status[UNKNOWN<-1>: Unknown leader, Unknown leader, Unknown leader]

2022-07-24 11:06:03,492 ERROR Fail to refresh leader for group : naming_persistent_service, status is : Status[UNKNOWN<-1>: Unknown leader, Unknown leader, Unknown leader]

2022-07-24 11:06:03,532 ERROR Fail to refresh route configuration for group : naming_persistent_service, status is : Status[UNKNOWN<-1>: Fail to get leader of group naming_persistent_service]

2022-07-24 11:06:03,549 ERROR Failed to join the cluster, retry...

java.lang.IllegalStateException: Fail to get leader of group naming_persistent_service, Unknown leader, Unknown leader, Unknown leader
	at com.alipay.sofa.jraft.core.CliServiceImpl.getPeers(CliServiceImpl.java:631)
	at com.alipay.sofa.jraft.core.CliServiceImpl.getPeers(CliServiceImpl.java:524)
	at com.alibaba.nacos.core.distributed.raft.JRaftServer.registerSelfToCluster(JRaftServer.java:362)
	at com.alibaba.nacos.core.distributed.raft.JRaftServer.lambda$createMultiRaftGroup$0(JRaftServer.java:273)
	at java.util.concurrent.Executors$RunnableAdapter.call(Executors.java:511)
	at java.util.concurrent.FutureTask.run(FutureTask.java:266)
	at java.util.concurrent.ScheduledThreadPoolExecutor$ScheduledFutureTask.access$201(ScheduledThreadPoolExecutor.java:180)
	at java.util.concurrent.ScheduledThreadPoolExecutor$ScheduledFutureTask.run(ScheduledThreadPoolExecutor.java:293)
	at java.util.concurrent.ThreadPoolExecutor.runWorker(ThreadPoolExecutor.java:1149)
	at java.util.concurrent.ThreadPoolExecutor$Worker.run(ThreadPoolExecutor.java:624)
	at java.lang.Thread.run(Thread.java:750)
2022-07-24 11:06:04,514 ERROR Fail to refresh route configuration for group : naming_persistent_service, status is : Status[UNKNOWN<-1>: Fail to get leader of group naming_persistent_service]

2022-07-24 11:06:04,528 ERROR Fail to refresh route configuration for group : naming_persistent_service, status is : Status[UNKNOWN<-1>: Fail to get leader of group naming_persistent_service]

2022-07-24 11:06:04,927 INFO create raft group : naming_persistent_service_v2

2022-07-24 11:06:05,018 ERROR Failed to join the cluster, retry...

java.lang.IllegalStateException: Fail to get leader of group naming_persistent_service, Unknown leader, Unknown leader, Unknown leader
	at com.alipay.sofa.jraft.core.CliServiceImpl.getPeers(CliServiceImpl.java:631)
	at com.alipay.sofa.jraft.core.CliServiceImpl.getPeers(CliServiceImpl.java:524)
	at com.alibaba.nacos.core.distributed.raft.JRaftServer.registerSelfToCluster(JRaftServer.java:362)
	at com.alibaba.nacos.core.distributed.raft.JRaftServer.lambda$createMultiRaftGroup$0(JRaftServer.java:273)
	at java.util.concurrent.Executors$RunnableAdapter.call(Executors.java:511)
	at java.util.concurrent.FutureTask.run(FutureTask.java:266)
	at java.util.concurrent.ScheduledThreadPoolExecutor$ScheduledFutureTask.access$201(ScheduledThreadPoolExecutor.java:180)
	at java.util.concurrent.ScheduledThreadPoolExecutor$ScheduledFutureTask.run(ScheduledThreadPoolExecutor.java:293)
	at java.util.concurrent.ThreadPoolExecutor.runWorker(ThreadPoolExecutor.java:1149)
	at java.util.concurrent.ThreadPoolExecutor$Worker.run(ThreadPoolExecutor.java:624)
	at java.lang.Thread.run(Thread.java:750)
2022-07-24 11:06:05,059 ERROR Failed to join the cluster, retry...

java.lang.IllegalStateException: Fail to get leader of group naming_persistent_service, Unknown leader, Unknown leader, Unknown leader
	at com.alipay.sofa.jraft.core.CliServiceImpl.getPeers(CliServiceImpl.java:631)
	at com.alipay.sofa.jraft.core.CliServiceImpl.getPeers(CliServiceImpl.java:524)
	at com.alibaba.nacos.core.distributed.raft.JRaftServer.registerSelfToCluster(JRaftServer.java:362)
	at com.alibaba.nacos.core.distributed.raft.JRaftServer.lambda$createMultiRaftGroup$0(JRaftServer.java:273)
	at java.util.concurrent.Executors$RunnableAdapter.call(Executors.java:511)
	at java.util.concurrent.FutureTask.run(FutureTask.java:266)
	at java.util.concurrent.ScheduledThreadPoolExecutor$ScheduledFutureTask.access$201(ScheduledThreadPoolExecutor.java:180)
	at java.util.concurrent.ScheduledThreadPoolExecutor$ScheduledFutureTask.run(ScheduledThreadPoolExecutor.java:293)
	at java.util.concurrent.ThreadPoolExecutor.runWorker(ThreadPoolExecutor.java:1149)
	at java.util.concurrent.ThreadPoolExecutor$Worker.run(ThreadPoolExecutor.java:624)
	at java.lang.Thread.run(Thread.java:750)
2022-07-24 11:06:05,090 ERROR Failed to join the cluster, retry...

java.lang.IllegalStateException: Fail to get leader of group naming_persistent_service, Unknown leader, Unknown leader, Unknown leader
	at com.alipay.sofa.jraft.core.CliServiceImpl.getPeers(CliServiceImpl.java:631)
	at com.alipay.sofa.jraft.core.CliServiceImpl.getPeers(CliServiceImpl.java:524)
	at com.alibaba.nacos.core.distributed.raft.JRaftServer.registerSelfToCluster(JRaftServer.java:362)
	at com.alibaba.nacos.core.distributed.raft.JRaftServer.lambda$createMultiRaftGroup$0(JRaftServer.java:273)
	at java.util.concurrent.Executors$RunnableAdapter.call(Executors.java:511)
	at java.util.concurrent.FutureTask.run(FutureTask.java:266)
	at java.util.concurrent.ScheduledThreadPoolExecutor$ScheduledFutureTask.access$201(ScheduledThreadPoolExecutor.java:180)
	at java.util.concurrent.ScheduledThreadPoolExecutor$ScheduledFutureTask.run(ScheduledThreadPoolExecutor.java:293)
	at java.util.concurrent.ThreadPoolExecutor.runWorker(ThreadPoolExecutor.java:1149)
	at java.util.concurrent.ThreadPoolExecutor$Worker.run(ThreadPoolExecutor.java:624)
	at java.lang.Thread.run(Thread.java:750)
2022-07-24 11:06:05,154 INFO create raft group : naming_instance_metadata

2022-07-24 11:06:05,192 ERROR Failed to join the cluster, retry...

java.lang.IllegalStateException: Fail to get leader of group naming_persistent_service_v2, Fail to find node nacos-server03:7848 in group naming_persistent_service_v2, Fail to find node nacos-server01:7848 in group naming_persistent_service_v2, Unknown leader
	at com.alipay.sofa.jraft.core.CliServiceImpl.getPeers(CliServiceImpl.java:631)
	at com.alipay.sofa.jraft.core.CliServiceImpl.getPeers(CliServiceImpl.java:524)
	at com.alibaba.nacos.core.distributed.raft.JRaftServer.registerSelfToCluster(JRaftServer.java:362)
	at com.alibaba.nacos.core.distributed.raft.JRaftServer.lambda$createMultiRaftGroup$0(JRaftServer.java:273)
	at java.util.concurrent.Executors$RunnableAdapter.call(Executors.java:511)
	at java.util.concurrent.FutureTask.run(FutureTask.java:266)
	at java.util.concurrent.ScheduledThreadPoolExecutor$ScheduledFutureTask.access$201(ScheduledThreadPoolExecutor.java:180)
	at java.util.concurrent.ScheduledThreadPoolExecutor$ScheduledFutureTask.run(ScheduledThreadPoolExecutor.java:293)
	at java.util.concurrent.ThreadPoolExecutor.runWorker(ThreadPoolExecutor.java:1149)
	at java.util.concurrent.ThreadPoolExecutor$Worker.run(ThreadPoolExecutor.java:624)
	at java.lang.Thread.run(Thread.java:750)
2022-07-24 11:06:05,297 INFO create raft group : naming_service_metadata

2022-07-24 11:06:05,367 ERROR Failed to join the cluster, retry...

java.lang.IllegalStateException: Fail to get leader of group naming_instance_metadata, Fail to find node nacos-server03:7848 in group naming_instance_metadata, Fail to find node nacos-server01:7848 in group naming_instance_metadata, Unknown leader
	at com.alipay.sofa.jraft.core.CliServiceImpl.getPeers(CliServiceImpl.java:631)
	at com.alipay.sofa.jraft.core.CliServiceImpl.getPeers(CliServiceImpl.java:524)
	at com.alibaba.nacos.core.distributed.raft.JRaftServer.registerSelfToCluster(JRaftServer.java:362)
	at com.alibaba.nacos.core.distributed.raft.JRaftServer.lambda$createMultiRaftGroup$0(JRaftServer.java:273)
	at java.util.concurrent.Executors$RunnableAdapter.call(Executors.java:511)
	at java.util.concurrent.FutureTask.run(FutureTask.java:266)
	at java.util.concurrent.ScheduledThreadPoolExecutor$ScheduledFutureTask.access$201(ScheduledThreadPoolExecutor.java:180)
	at java.util.concurrent.ScheduledThreadPoolExecutor$ScheduledFutureTask.run(ScheduledThreadPoolExecutor.java:293)
	at java.util.concurrent.ThreadPoolExecutor.runWorker(ThreadPoolExecutor.java:1149)
	at java.util.concurrent.ThreadPoolExecutor$Worker.run(ThreadPoolExecutor.java:624)
	at java.lang.Thread.run(Thread.java:750)
2022-07-24 11:06:05,467 INFO create raft group : naming_persistent_service_v2

2022-07-24 11:06:05,542 ERROR Failed to join the cluster, retry...

java.lang.IllegalStateException: Fail to get leader of group naming_service_metadata, Fail to find node nacos-server03:7848 in group naming_service_metadata, Fail to find node nacos-server01:7848 in group naming_service_metadata, Unknown leader
	at com.alipay.sofa.jraft.core.CliServiceImpl.getPeers(CliServiceImpl.java:631)
	at com.alipay.sofa.jraft.core.CliServiceImpl.getPeers(CliServiceImpl.java:524)
	at com.alibaba.nacos.core.distributed.raft.JRaftServer.registerSelfToCluster(JRaftServer.java:362)
	at com.alibaba.nacos.core.distributed.raft.JRaftServer.lambda$createMultiRaftGroup$0(JRaftServer.java:273)
	at java.util.concurrent.Executors$RunnableAdapter.call(Executors.java:511)
	at java.util.concurrent.FutureTask.run(FutureTask.java:266)
	at java.util.concurrent.ScheduledThreadPoolExecutor$ScheduledFutureTask.access$201(ScheduledThreadPoolExecutor.java:180)
	at java.util.concurrent.ScheduledThreadPoolExecutor$ScheduledFutureTask.run(ScheduledThreadPoolExecutor.java:293)
	at java.util.concurrent.ThreadPoolExecutor.runWorker(ThreadPoolExecutor.java:1149)
	at java.util.concurrent.ThreadPoolExecutor$Worker.run(ThreadPoolExecutor.java:624)
	at java.lang.Thread.run(Thread.java:750)
2022-07-24 11:06:05,751 INFO create raft group : naming_instance_metadata

2022-07-24 11:06:05,926 INFO create raft group : naming_service_metadata

2022-07-24 11:06:06,201 ERROR Failed to join the cluster, retry...

java.lang.IllegalStateException: Fail to get leader of group naming_persistent_service, Unknown leader, Unknown leader, Unknown leader
	at com.alipay.sofa.jraft.core.CliServiceImpl.getPeers(CliServiceImpl.java:631)
	at com.alipay.sofa.jraft.core.CliServiceImpl.getPeers(CliServiceImpl.java:524)
	at com.alibaba.nacos.core.distributed.raft.JRaftServer.registerSelfToCluster(JRaftServer.java:362)
	at com.alibaba.nacos.core.distributed.raft.JRaftServer.lambda$createMultiRaftGroup$0(JRaftServer.java:273)
	at java.util.concurrent.Executors$RunnableAdapter.call(Executors.java:511)
	at java.util.concurrent.FutureTask.run(FutureTask.java:266)
	at java.util.concurrent.ScheduledThreadPoolExecutor$ScheduledFutureTask.access$201(ScheduledThreadPoolExecutor.java:180)
	at java.util.concurrent.ScheduledThreadPoolExecutor$ScheduledFutureTask.run(ScheduledThreadPoolExecutor.java:293)
	at java.util.concurrent.ThreadPoolExecutor.runWorker(ThreadPoolExecutor.java:1149)
	at java.util.concurrent.ThreadPoolExecutor$Worker.run(ThreadPoolExecutor.java:624)
	at java.lang.Thread.run(Thread.java:750)
2022-07-24 11:06:06,247 ERROR Failed to join the cluster, retry...

java.lang.IllegalStateException: Fail to get leader of group naming_persistent_service, Unknown leader, Unknown leader, Unknown leader
	at com.alipay.sofa.jraft.core.CliServiceImpl.getPeers(CliServiceImpl.java:631)
	at com.alipay.sofa.jraft.core.CliServiceImpl.getPeers(CliServiceImpl.java:524)
	at com.alibaba.nacos.core.distributed.raft.JRaftServer.registerSelfToCluster(JRaftServer.java:362)
	at com.alibaba.nacos.core.distributed.raft.JRaftServer.lambda$createMultiRaftGroup$0(JRaftServer.java:273)
	at java.util.concurrent.Executors$RunnableAdapter.call(Executors.java:511)
	at java.util.concurrent.FutureTask.run(FutureTask.java:266)
	at java.util.concurrent.ScheduledThreadPoolExecutor$ScheduledFutureTask.access$201(ScheduledThreadPoolExecutor.java:180)
	at java.util.concurrent.ScheduledThreadPoolExecutor$ScheduledFutureTask.run(ScheduledThreadPoolExecutor.java:293)
	at java.util.concurrent.ThreadPoolExecutor.runWorker(ThreadPoolExecutor.java:1149)
	at java.util.concurrent.ThreadPoolExecutor$Worker.run(ThreadPoolExecutor.java:624)
	at java.lang.Thread.run(Thread.java:750)
2022-07-24 11:06:06,251 ERROR Failed to join the cluster, retry...

java.lang.IllegalStateException: Fail to get leader of group naming_persistent_service_v2, Unknown leader, Fail to find node nacos-server01:7848 in group naming_persistent_service_v2, Unknown leader
	at com.alipay.sofa.jraft.core.CliServiceImpl.getPeers(CliServiceImpl.java:631)
	at com.alipay.sofa.jraft.core.CliServiceImpl.getPeers(CliServiceImpl.java:524)
	at com.alibaba.nacos.core.distributed.raft.JRaftServer.registerSelfToCluster(JRaftServer.java:362)
	at com.alibaba.nacos.core.distributed.raft.JRaftServer.lambda$createMultiRaftGroup$0(JRaftServer.java:273)
	at java.util.concurrent.Executors$RunnableAdapter.call(Executors.java:511)
	at java.util.concurrent.FutureTask.run(FutureTask.java:266)
	at java.util.concurrent.ScheduledThreadPoolExecutor$ScheduledFutureTask.access$201(ScheduledThreadPoolExecutor.java:180)
	at java.util.concurrent.ScheduledThreadPoolExecutor$ScheduledFutureTask.run(ScheduledThreadPoolExecutor.java:293)
	at java.util.concurrent.ThreadPoolExecutor.runWorker(ThreadPoolExecutor.java:1149)
	at java.util.concurrent.ThreadPoolExecutor$Worker.run(ThreadPoolExecutor.java:624)
	at java.lang.Thread.run(Thread.java:750)
2022-07-24 11:06:06,259 ERROR Failed to join the cluster, retry...

java.lang.IllegalStateException: Fail to get leader of group naming_persistent_service_v2, Unknown leader, Fail to find node nacos-server01:7848 in group naming_persistent_service_v2, Unknown leader
	at com.alipay.sofa.jraft.core.CliServiceImpl.getPeers(CliServiceImpl.java:631)
	at com.alipay.sofa.jraft.core.CliServiceImpl.getPeers(CliServiceImpl.java:524)
	at com.alibaba.nacos.core.distributed.raft.JRaftServer.registerSelfToCluster(JRaftServer.java:362)
	at com.alibaba.nacos.core.distributed.raft.JRaftServer.lambda$createMultiRaftGroup$0(JRaftServer.java:273)
	at java.util.concurrent.Executors$RunnableAdapter.call(Executors.java:511)
	at java.util.concurrent.FutureTask.run(FutureTask.java:266)
	at java.util.concurrent.ScheduledThreadPoolExecutor$ScheduledFutureTask.access$201(ScheduledThreadPoolExecutor.java:180)
	at java.util.concurrent.ScheduledThreadPoolExecutor$ScheduledFutureTask.run(ScheduledThreadPoolExecutor.java:293)
	at java.util.concurrent.ThreadPoolExecutor.runWorker(ThreadPoolExecutor.java:1149)
	at java.util.concurrent.ThreadPoolExecutor$Worker.run(ThreadPoolExecutor.java:624)
	at java.lang.Thread.run(Thread.java:750)
2022-07-24 11:06:06,276 ERROR Failed to join the cluster, retry...

java.lang.IllegalStateException: Fail to get leader of group naming_persistent_service, Unknown leader, Unknown leader, Unknown leader
	at com.alipay.sofa.jraft.core.CliServiceImpl.getPeers(CliServiceImpl.java:631)
	at com.alipay.sofa.jraft.core.CliServiceImpl.getPeers(CliServiceImpl.java:524)
	at com.alibaba.nacos.core.distributed.raft.JRaftServer.registerSelfToCluster(JRaftServer.java:362)
	at com.alibaba.nacos.core.distributed.raft.JRaftServer.lambda$createMultiRaftGroup$0(JRaftServer.java:273)
	at java.util.concurrent.Executors$RunnableAdapter.call(Executors.java:511)
	at java.util.concurrent.FutureTask.run(FutureTask.java:266)
	at java.util.concurrent.ScheduledThreadPoolExecutor$ScheduledFutureTask.access$201(ScheduledThreadPoolExecutor.java:180)
	at java.util.concurrent.ScheduledThreadPoolExecutor$ScheduledFutureTask.run(ScheduledThreadPoolExecutor.java:293)
	at java.util.concurrent.ThreadPoolExecutor.runWorker(ThreadPoolExecutor.java:1149)
	at java.util.concurrent.ThreadPoolExecutor$Worker.run(ThreadPoolExecutor.java:624)
	at java.lang.Thread.run(Thread.java:750)
2022-07-24 11:06:06,293 ERROR Failed to join the cluster, retry...

java.lang.IllegalStateException: Fail to get leader of group naming_service_metadata, Unknown leader, Fail to find node nacos-server01:7848 in group naming_service_metadata, Unknown leader
	at com.alipay.sofa.jraft.core.CliServiceImpl.getPeers(CliServiceImpl.java:631)
	at com.alipay.sofa.jraft.core.CliServiceImpl.getPeers(CliServiceImpl.java:524)
	at com.alibaba.nacos.core.distributed.raft.JRaftServer.registerSelfToCluster(JRaftServer.java:362)
	at com.alibaba.nacos.core.distributed.raft.JRaftServer.lambda$createMultiRaftGroup$0(JRaftServer.java:273)
	at java.util.concurrent.Executors$RunnableAdapter.call(Executors.java:511)
	at java.util.concurrent.FutureTask.run(FutureTask.java:266)
	at java.util.concurrent.ScheduledThreadPoolExecutor$ScheduledFutureTask.access$201(ScheduledThreadPoolExecutor.java:180)
	at java.util.concurrent.ScheduledThreadPoolExecutor$ScheduledFutureTask.run(ScheduledThreadPoolExecutor.java:293)
	at java.util.concurrent.ThreadPoolExecutor.runWorker(ThreadPoolExecutor.java:1149)
	at java.util.concurrent.ThreadPoolExecutor$Worker.run(ThreadPoolExecutor.java:624)
	at java.lang.Thread.run(Thread.java:750)
2022-07-24 11:06:06,302 ERROR Failed to join the cluster, retry...

java.lang.IllegalStateException: Fail to get leader of group naming_instance_metadata, Unknown leader, Fail to find node nacos-server01:7848 in group naming_instance_metadata, Unknown leader
	at com.alipay.sofa.jraft.core.CliServiceImpl.getPeers(CliServiceImpl.java:631)
	at com.alipay.sofa.jraft.core.CliServiceImpl.getPeers(CliServiceImpl.java:524)
	at com.alibaba.nacos.core.distributed.raft.JRaftServer.registerSelfToCluster(JRaftServer.java:362)
	at com.alibaba.nacos.core.distributed.raft.JRaftServer.lambda$createMultiRaftGroup$0(JRaftServer.java:273)
	at java.util.concurrent.Executors$RunnableAdapter.call(Executors.java:511)
	at java.util.concurrent.FutureTask.run(FutureTask.java:266)
	at java.util.concurrent.ScheduledThreadPoolExecutor$ScheduledFutureTask.access$201(ScheduledThreadPoolExecutor.java:180)
	at java.util.concurrent.ScheduledThreadPoolExecutor$ScheduledFutureTask.run(ScheduledThreadPoolExecutor.java:293)
	at java.util.concurrent.ThreadPoolExecutor.runWorker(ThreadPoolExecutor.java:1149)
	at java.util.concurrent.ThreadPoolExecutor$Worker.run(ThreadPoolExecutor.java:624)
	at java.lang.Thread.run(Thread.java:750)
2022-07-24 11:06:06,340 INFO create raft group : naming_persistent_service_v2

2022-07-24 11:06:06,473 INFO create raft group : naming_instance_metadata

2022-07-24 11:06:06,725 INFO create raft group : naming_service_metadata

2022-07-24 11:06:07,108 ERROR Failed to join the cluster, retry...

java.lang.IllegalStateException: Fail to get leader of group naming_service_metadata, Unknown leader, Unknown leader, Unknown leader
	at com.alipay.sofa.jraft.core.CliServiceImpl.getPeers(CliServiceImpl.java:631)
	at com.alipay.sofa.jraft.core.CliServiceImpl.getPeers(CliServiceImpl.java:524)
	at com.alibaba.nacos.core.distributed.raft.JRaftServer.registerSelfToCluster(JRaftServer.java:362)
	at com.alibaba.nacos.core.distributed.raft.JRaftServer.lambda$createMultiRaftGroup$0(JRaftServer.java:273)
	at java.util.concurrent.Executors$RunnableAdapter.call(Executors.java:511)
	at java.util.concurrent.FutureTask.run(FutureTask.java:266)
	at java.util.concurrent.ScheduledThreadPoolExecutor$ScheduledFutureTask.access$201(ScheduledThreadPoolExecutor.java:180)
	at java.util.concurrent.ScheduledThreadPoolExecutor$ScheduledFutureTask.run(ScheduledThreadPoolExecutor.java:293)
	at java.util.concurrent.ThreadPoolExecutor.runWorker(ThreadPoolExecutor.java:1149)
	at java.util.concurrent.ThreadPoolExecutor$Worker.run(ThreadPoolExecutor.java:624)
	at java.lang.Thread.run(Thread.java:750)
2022-07-24 11:06:07,108 ERROR Failed to join the cluster, retry...

java.lang.IllegalStateException: Fail to get leader of group naming_persistent_service_v2, Unknown leader, Unknown leader, Unknown leader
	at com.alipay.sofa.jraft.core.CliServiceImpl.getPeers(CliServiceImpl.java:631)
	at com.alipay.sofa.jraft.core.CliServiceImpl.getPeers(CliServiceImpl.java:524)
	at com.alibaba.nacos.core.distributed.raft.JRaftServer.registerSelfToCluster(JRaftServer.java:362)
	at com.alibaba.nacos.core.distributed.raft.JRaftServer.lambda$createMultiRaftGroup$0(JRaftServer.java:273)
	at java.util.concurrent.Executors$RunnableAdapter.call(Executors.java:511)
	at java.util.concurrent.FutureTask.run(FutureTask.java:266)
	at java.util.concurrent.ScheduledThreadPoolExecutor$ScheduledFutureTask.access$201(ScheduledThreadPoolExecutor.java:180)
	at java.util.concurrent.ScheduledThreadPoolExecutor$ScheduledFutureTask.run(ScheduledThreadPoolExecutor.java:293)
	at java.util.concurrent.ThreadPoolExecutor.runWorker(ThreadPoolExecutor.java:1149)
	at java.util.concurrent.ThreadPoolExecutor$Worker.run(ThreadPoolExecutor.java:624)
	at java.lang.Thread.run(Thread.java:750)
2022-07-24 11:06:07,108 ERROR Failed to join the cluster, retry...

java.lang.IllegalStateException: Fail to get leader of group naming_instance_metadata, Unknown leader, Unknown leader, Unknown leader
	at com.alipay.sofa.jraft.core.CliServiceImpl.getPeers(CliServiceImpl.java:631)
	at com.alipay.sofa.jraft.core.CliServiceImpl.getPeers(CliServiceImpl.java:524)
	at com.alibaba.nacos.core.distributed.raft.JRaftServer.registerSelfToCluster(JRaftServer.java:362)
	at com.alibaba.nacos.core.distributed.raft.JRaftServer.lambda$createMultiRaftGroup$0(JRaftServer.java:273)
	at java.util.concurrent.Executors$RunnableAdapter.call(Executors.java:511)
	at java.util.concurrent.FutureTask.run(FutureTask.java:266)
	at java.util.concurrent.ScheduledThreadPoolExecutor$ScheduledFutureTask.access$201(ScheduledThreadPoolExecutor.java:180)
	at java.util.concurrent.ScheduledThreadPoolExecutor$ScheduledFutureTask.run(ScheduledThreadPoolExecutor.java:293)
	at java.util.concurrent.ThreadPoolExecutor.runWorker(ThreadPoolExecutor.java:1149)
	at java.util.concurrent.ThreadPoolExecutor$Worker.run(ThreadPoolExecutor.java:624)
	at java.lang.Thread.run(Thread.java:750)
2022-07-24 11:06:08,855 INFO This Raft event changes : RaftEvent{groupId='naming_persistent_service', leader='nacos-server01:7848', term=2, raftClusterInfo=[nacos-server03:7848, nacos-server01:7848, nacos-server02:7848]}

2022-07-24 11:06:08,954 INFO This Raft event changes : RaftEvent{groupId='naming_persistent_service', leader='nacos-server01:7848', term=2, raftClusterInfo=[nacos-server03:7848, nacos-server01:7848, nacos-server02:7848]}

2022-07-24 11:06:09,516 INFO This Raft event changes : RaftEvent{groupId='naming_persistent_service', leader='nacos-server01:7848', term=2, raftClusterInfo=[nacos-server03:7848, nacos-server01:7848, nacos-server02:7848]}

2022-07-24 11:06:09,545 ERROR Failed to join the cluster, retry...

java.lang.IllegalStateException: Fail to get leader of group naming_service_metadata, Unknown leader, Unknown leader, Unknown leader
	at com.alipay.sofa.jraft.core.CliServiceImpl.getPeers(CliServiceImpl.java:631)
	at com.alipay.sofa.jraft.core.CliServiceImpl.getPeers(CliServiceImpl.java:524)
	at com.alibaba.nacos.core.distributed.raft.JRaftServer.registerSelfToCluster(JRaftServer.java:362)
	at com.alibaba.nacos.core.distributed.raft.JRaftServer.lambda$createMultiRaftGroup$0(JRaftServer.java:273)
	at java.util.concurrent.Executors$RunnableAdapter.call(Executors.java:511)
	at java.util.concurrent.FutureTask.run(FutureTask.java:266)
	at java.util.concurrent.ScheduledThreadPoolExecutor$ScheduledFutureTask.access$201(ScheduledThreadPoolExecutor.java:180)
	at java.util.concurrent.ScheduledThreadPoolExecutor$ScheduledFutureTask.run(ScheduledThreadPoolExecutor.java:293)
	at java.util.concurrent.ThreadPoolExecutor.runWorker(ThreadPoolExecutor.java:1149)
	at java.util.concurrent.ThreadPoolExecutor$Worker.run(ThreadPoolExecutor.java:624)
	at java.lang.Thread.run(Thread.java:750)
2022-07-24 11:06:09,546 ERROR Failed to join the cluster, retry...

java.lang.IllegalStateException: Fail to get leader of group naming_persistent_service_v2, Unknown leader, Unknown leader, Unknown leader
	at com.alipay.sofa.jraft.core.CliServiceImpl.getPeers(CliServiceImpl.java:631)
	at com.alipay.sofa.jraft.core.CliServiceImpl.getPeers(CliServiceImpl.java:524)
	at com.alibaba.nacos.core.distributed.raft.JRaftServer.registerSelfToCluster(JRaftServer.java:362)
	at com.alibaba.nacos.core.distributed.raft.JRaftServer.lambda$createMultiRaftGroup$0(JRaftServer.java:273)
	at java.util.concurrent.Executors$RunnableAdapter.call(Executors.java:511)
	at java.util.concurrent.FutureTask.run(FutureTask.java:266)
	at java.util.concurrent.ScheduledThreadPoolExecutor$ScheduledFutureTask.access$201(ScheduledThreadPoolExecutor.java:180)
	at java.util.concurrent.ScheduledThreadPoolExecutor$ScheduledFutureTask.run(ScheduledThreadPoolExecutor.java:293)
	at java.util.concurrent.ThreadPoolExecutor.runWorker(ThreadPoolExecutor.java:1149)
	at java.util.concurrent.ThreadPoolExecutor$Worker.run(ThreadPoolExecutor.java:624)
	at java.lang.Thread.run(Thread.java:750)
2022-07-24 11:06:09,546 ERROR Failed to join the cluster, retry...

java.lang.IllegalStateException: Fail to get leader of group naming_instance_metadata, Unknown leader, Unknown leader, Unknown leader
	at com.alipay.sofa.jraft.core.CliServiceImpl.getPeers(CliServiceImpl.java:631)
	at com.alipay.sofa.jraft.core.CliServiceImpl.getPeers(CliServiceImpl.java:524)
	at com.alibaba.nacos.core.distributed.raft.JRaftServer.registerSelfToCluster(JRaftServer.java:362)
	at com.alibaba.nacos.core.distributed.raft.JRaftServer.lambda$createMultiRaftGroup$0(JRaftServer.java:273)
	at java.util.concurrent.Executors$RunnableAdapter.call(Executors.java:511)
	at java.util.concurrent.FutureTask.run(FutureTask.java:266)
	at java.util.concurrent.ScheduledThreadPoolExecutor$ScheduledFutureTask.access$201(ScheduledThreadPoolExecutor.java:180)
	at java.util.concurrent.ScheduledThreadPoolExecutor$ScheduledFutureTask.run(ScheduledThreadPoolExecutor.java:293)
	at java.util.concurrent.ThreadPoolExecutor.runWorker(ThreadPoolExecutor.java:1149)
	at java.util.concurrent.ThreadPoolExecutor$Worker.run(ThreadPoolExecutor.java:624)
	at java.lang.Thread.run(Thread.java:750)
2022-07-24 11:06:09,553 ERROR Failed to join the cluster, retry...

java.lang.IllegalStateException: Fail to get leader of group naming_service_metadata, Unknown leader, Unknown leader, Unknown leader
	at com.alipay.sofa.jraft.core.CliServiceImpl.getPeers(CliServiceImpl.java:631)
	at com.alipay.sofa.jraft.core.CliServiceImpl.getPeers(CliServiceImpl.java:524)
	at com.alibaba.nacos.core.distributed.raft.JRaftServer.registerSelfToCluster(JRaftServer.java:362)
	at com.alibaba.nacos.core.distributed.raft.JRaftServer.lambda$createMultiRaftGroup$0(JRaftServer.java:273)
	at java.util.concurrent.Executors$RunnableAdapter.call(Executors.java:511)
	at java.util.concurrent.FutureTask.run(FutureTask.java:266)
	at java.util.concurrent.ScheduledThreadPoolExecutor$ScheduledFutureTask.access$201(ScheduledThreadPoolExecutor.java:180)
	at java.util.concurrent.ScheduledThreadPoolExecutor$ScheduledFutureTask.run(ScheduledThreadPoolExecutor.java:293)
	at java.util.concurrent.ThreadPoolExecutor.runWorker(ThreadPoolExecutor.java:1149)
	at java.util.concurrent.ThreadPoolExecutor$Worker.run(ThreadPoolExecutor.java:624)
	at java.lang.Thread.run(Thread.java:750)
2022-07-24 11:06:09,553 ERROR Failed to join the cluster, retry...

java.lang.IllegalStateException: Fail to get leader of group naming_instance_metadata, Unknown leader, Unknown leader, Unknown leader
	at com.alipay.sofa.jraft.core.CliServiceImpl.getPeers(CliServiceImpl.java:631)
	at com.alipay.sofa.jraft.core.CliServiceImpl.getPeers(CliServiceImpl.java:524)
	at com.alibaba.nacos.core.distributed.raft.JRaftServer.registerSelfToCluster(JRaftServer.java:362)
	at com.alibaba.nacos.core.distributed.raft.JRaftServer.lambda$createMultiRaftGroup$0(JRaftServer.java:273)
	at java.util.concurrent.Executors$RunnableAdapter.call(Executors.java:511)
	at java.util.concurrent.FutureTask.run(FutureTask.java:266)
	at java.util.concurrent.ScheduledThreadPoolExecutor$ScheduledFutureTask.access$201(ScheduledThreadPoolExecutor.java:180)
	at java.util.concurrent.ScheduledThreadPoolExecutor$ScheduledFutureTask.run(ScheduledThreadPoolExecutor.java:293)
	at java.util.concurrent.ThreadPoolExecutor.runWorker(ThreadPoolExecutor.java:1149)
	at java.util.concurrent.ThreadPoolExecutor$Worker.run(ThreadPoolExecutor.java:624)
	at java.lang.Thread.run(Thread.java:750)
2022-07-24 11:06:09,554 ERROR Failed to join the cluster, retry...

java.lang.IllegalStateException: Fail to get leader of group naming_persistent_service_v2, Unknown leader, Unknown leader, Unknown leader
	at com.alipay.sofa.jraft.core.CliServiceImpl.getPeers(CliServiceImpl.java:631)
	at com.alipay.sofa.jraft.core.CliServiceImpl.getPeers(CliServiceImpl.java:524)
	at com.alibaba.nacos.core.distributed.raft.JRaftServer.registerSelfToCluster(JRaftServer.java:362)
	at com.alibaba.nacos.core.distributed.raft.JRaftServer.lambda$createMultiRaftGroup$0(JRaftServer.java:273)
	at java.util.concurrent.Executors$RunnableAdapter.call(Executors.java:511)
	at java.util.concurrent.FutureTask.run(FutureTask.java:266)
	at java.util.concurrent.ScheduledThreadPoolExecutor$ScheduledFutureTask.access$201(ScheduledThreadPoolExecutor.java:180)
	at java.util.concurrent.ScheduledThreadPoolExecutor$ScheduledFutureTask.run(ScheduledThreadPoolExecutor.java:293)
	at java.util.concurrent.ThreadPoolExecutor.runWorker(ThreadPoolExecutor.java:1149)
	at java.util.concurrent.ThreadPoolExecutor$Worker.run(ThreadPoolExecutor.java:624)
	at java.lang.Thread.run(Thread.java:750)
2022-07-24 11:06:09,968 ERROR Failed to join the cluster, retry...

java.lang.IllegalStateException: Fail to get leader of group naming_persistent_service_v2, Unknown leader, Unknown leader, Unknown leader
	at com.alipay.sofa.jraft.core.CliServiceImpl.getPeers(CliServiceImpl.java:631)
	at com.alipay.sofa.jraft.core.CliServiceImpl.getPeers(CliServiceImpl.java:524)
	at com.alibaba.nacos.core.distributed.raft.JRaftServer.registerSelfToCluster(JRaftServer.java:362)
	at com.alibaba.nacos.core.distributed.raft.JRaftServer.lambda$createMultiRaftGroup$0(JRaftServer.java:273)
	at java.util.concurrent.Executors$RunnableAdapter.call(Executors.java:511)
	at java.util.concurrent.FutureTask.run(FutureTask.java:266)
	at java.util.concurrent.ScheduledThreadPoolExecutor$ScheduledFutureTask.access$201(ScheduledThreadPoolExecutor.java:180)
	at java.util.concurrent.ScheduledThreadPoolExecutor$ScheduledFutureTask.run(ScheduledThreadPoolExecutor.java:293)
	at java.util.concurrent.ThreadPoolExecutor.runWorker(ThreadPoolExecutor.java:1149)
	at java.util.concurrent.ThreadPoolExecutor$Worker.run(ThreadPoolExecutor.java:624)
	at java.lang.Thread.run(Thread.java:750)
2022-07-24 11:06:09,971 ERROR Failed to join the cluster, retry...

java.lang.IllegalStateException: Fail to get leader of group naming_persistent_service, Unknown leader, Unknown leader, Unknown leader
	at com.alipay.sofa.jraft.core.CliServiceImpl.getPeers(CliServiceImpl.java:631)
	at com.alipay.sofa.jraft.core.CliServiceImpl.getPeers(CliServiceImpl.java:524)
	at com.alibaba.nacos.core.distributed.raft.JRaftServer.registerSelfToCluster(JRaftServer.java:362)
	at com.alibaba.nacos.core.distributed.raft.JRaftServer.lambda$createMultiRaftGroup$0(JRaftServer.java:273)
	at java.util.concurrent.Executors$RunnableAdapter.call(Executors.java:511)
	at java.util.concurrent.FutureTask.run(FutureTask.java:266)
	at java.util.concurrent.ScheduledThreadPoolExecutor$ScheduledFutureTask.access$201(ScheduledThreadPoolExecutor.java:180)
	at java.util.concurrent.ScheduledThreadPoolExecutor$ScheduledFutureTask.run(ScheduledThreadPoolExecutor.java:293)
	at java.util.concurrent.ThreadPoolExecutor.runWorker(ThreadPoolExecutor.java:1149)
	at java.util.concurrent.ThreadPoolExecutor$Worker.run(ThreadPoolExecutor.java:624)
	at java.lang.Thread.run(Thread.java:750)
2022-07-24 11:06:09,971 ERROR Failed to join the cluster, retry...

java.lang.IllegalStateException: Fail to get leader of group naming_service_metadata, Unknown leader, Unknown leader, Unknown leader
	at com.alipay.sofa.jraft.core.CliServiceImpl.getPeers(CliServiceImpl.java:631)
	at com.alipay.sofa.jraft.core.CliServiceImpl.getPeers(CliServiceImpl.java:524)
	at com.alibaba.nacos.core.distributed.raft.JRaftServer.registerSelfToCluster(JRaftServer.java:362)
	at com.alibaba.nacos.core.distributed.raft.JRaftServer.lambda$createMultiRaftGroup$0(JRaftServer.java:273)
	at java.util.concurrent.Executors$RunnableAdapter.call(Executors.java:511)
	at java.util.concurrent.FutureTask.run(FutureTask.java:266)
	at java.util.concurrent.ScheduledThreadPoolExecutor$ScheduledFutureTask.access$201(ScheduledThreadPoolExecutor.java:180)
	at java.util.concurrent.ScheduledThreadPoolExecutor$ScheduledFutureTask.run(ScheduledThreadPoolExecutor.java:293)
	at java.util.concurrent.ThreadPoolExecutor.runWorker(ThreadPoolExecutor.java:1149)
	at java.util.concurrent.ThreadPoolExecutor$Worker.run(ThreadPoolExecutor.java:624)
	at java.lang.Thread.run(Thread.java:750)
2022-07-24 11:06:09,971 ERROR Failed to join the cluster, retry...

java.lang.IllegalStateException: Fail to get leader of group naming_instance_metadata, Unknown leader, Unknown leader, Unknown leader
	at com.alipay.sofa.jraft.core.CliServiceImpl.getPeers(CliServiceImpl.java:631)
	at com.alipay.sofa.jraft.core.CliServiceImpl.getPeers(CliServiceImpl.java:524)
	at com.alibaba.nacos.core.distributed.raft.JRaftServer.registerSelfToCluster(JRaftServer.java:362)
	at com.alibaba.nacos.core.distributed.raft.JRaftServer.lambda$createMultiRaftGroup$0(JRaftServer.java:273)
	at java.util.concurrent.Executors$RunnableAdapter.call(Executors.java:511)
	at java.util.concurrent.FutureTask.run(FutureTask.java:266)
	at java.util.concurrent.ScheduledThreadPoolExecutor$ScheduledFutureTask.access$201(ScheduledThreadPoolExecutor.java:180)
	at java.util.concurrent.ScheduledThreadPoolExecutor$ScheduledFutureTask.run(ScheduledThreadPoolExecutor.java:293)
	at java.util.concurrent.ThreadPoolExecutor.runWorker(ThreadPoolExecutor.java:1149)
	at java.util.concurrent.ThreadPoolExecutor$Worker.run(ThreadPoolExecutor.java:624)
	at java.lang.Thread.run(Thread.java:750)
2022-07-24 11:06:11,432 ERROR Fail to refresh leader for group : naming_persistent_service_v2, status is : Status[UNKNOWN<-1>: Unknown leader, Unknown leader, Unknown leader]

2022-07-24 11:06:11,588 INFO This Raft event changes : RaftEvent{groupId='naming_persistent_service_v2', leader='nacos-server02:7848', term=1, raftClusterInfo=[nacos-server03:7848, nacos-server01:7848, nacos-server02:7848]}

2022-07-24 11:06:11,634 INFO This Raft event changes : RaftEvent{groupId='naming_persistent_service_v2', leader='nacos-server02:7848', term=1, raftClusterInfo=[nacos-server03:7848, nacos-server01:7848, nacos-server02:7848]}

2022-07-24 11:06:13,350 ERROR Fail to refresh leader for group : naming_instance_metadata, status is : Status[UNKNOWN<-1>: Unknown leader, Unknown leader, Unknown leader]

2022-07-24 11:06:13,491 INFO This Raft event changes : RaftEvent{groupId='naming_instance_metadata', leader='nacos-server01:7848', term=1, raftClusterInfo=[nacos-server03:7848, nacos-server01:7848, nacos-server02:7848]}

2022-07-24 11:06:13,518 INFO This Raft event changes : RaftEvent{groupId='naming_instance_metadata', leader='nacos-server01:7848', term=1, raftClusterInfo=[nacos-server03:7848, nacos-server01:7848, nacos-server02:7848]}

2022-07-24 11:06:13,585 INFO This Raft event changes : RaftEvent{groupId='naming_service_metadata', leader='nacos-server02:7848', term=1, raftClusterInfo=[nacos-server03:7848, nacos-server01:7848, nacos-server02:7848]}

2022-07-24 11:06:13,626 INFO This Raft event changes : RaftEvent{groupId='naming_service_metadata', leader='nacos-server02:7848', term=1, raftClusterInfo=[nacos-server03:7848, nacos-server01:7848, nacos-server02:7848]}

2022-07-24 11:06:13,632 ERROR Failed to join the cluster, retry...

java.lang.IllegalStateException: Fail to get leader of group naming_instance_metadata, Unknown leader, Unknown leader, Unknown leader
	at com.alipay.sofa.jraft.core.CliServiceImpl.getPeers(CliServiceImpl.java:631)
	at com.alipay.sofa.jraft.core.CliServiceImpl.getPeers(CliServiceImpl.java:524)
	at com.alibaba.nacos.core.distributed.raft.JRaftServer.registerSelfToCluster(JRaftServer.java:362)
	at com.alibaba.nacos.core.distributed.raft.JRaftServer.lambda$createMultiRaftGroup$0(JRaftServer.java:273)
	at java.util.concurrent.Executors$RunnableAdapter.call(Executors.java:511)
	at java.util.concurrent.FutureTask.run(FutureTask.java:266)
	at java.util.concurrent.ScheduledThreadPoolExecutor$ScheduledFutureTask.access$201(ScheduledThreadPoolExecutor.java:180)
	at java.util.concurrent.ScheduledThreadPoolExecutor$ScheduledFutureTask.run(ScheduledThreadPoolExecutor.java:293)
	at java.util.concurrent.ThreadPoolExecutor.runWorker(ThreadPoolExecutor.java:1149)
	at java.util.concurrent.ThreadPoolExecutor$Worker.run(ThreadPoolExecutor.java:624)
	at java.lang.Thread.run(Thread.java:750)
2022-07-24 11:06:13,632 ERROR Fail to refresh leader for group : naming_instance_metadata, status is : Status[UNKNOWN<-1>: Unknown leader, Unknown leader, Unknown leader]

2022-07-24 11:06:13,634 ERROR Failed to join the cluster, retry...

java.lang.IllegalStateException: Fail to get leader of group naming_service_metadata, Unknown leader, Unknown leader, Unknown leader
	at com.alipay.sofa.jraft.core.CliServiceImpl.getPeers(CliServiceImpl.java:631)
	at com.alipay.sofa.jraft.core.CliServiceImpl.getPeers(CliServiceImpl.java:524)
	at com.alibaba.nacos.core.distributed.raft.JRaftServer.registerSelfToCluster(JRaftServer.java:362)
	at com.alibaba.nacos.core.distributed.raft.JRaftServer.lambda$createMultiRaftGroup$0(JRaftServer.java:273)
	at java.util.concurrent.Executors$RunnableAdapter.call(Executors.java:511)
	at java.util.concurrent.FutureTask.run(FutureTask.java:266)
	at java.util.concurrent.ScheduledThreadPoolExecutor$ScheduledFutureTask.access$201(ScheduledThreadPoolExecutor.java:180)
	at java.util.concurrent.ScheduledThreadPoolExecutor$ScheduledFutureTask.run(ScheduledThreadPoolExecutor.java:293)
	at java.util.concurrent.ThreadPoolExecutor.runWorker(ThreadPoolExecutor.java:1149)
	at java.util.concurrent.ThreadPoolExecutor$Worker.run(ThreadPoolExecutor.java:624)
	at java.lang.Thread.run(Thread.java:750)
2022-07-24 11:06:13,649 ERROR Fail to refresh leader for group : naming_service_metadata, status is : Status[UNKNOWN<-1>: Unknown leader, Unknown leader, Unknown leader]

2022-07-24 11:06:13,797 INFO This Raft event changes : RaftEvent{groupId='naming_persistent_service_v2', leader='nacos-server02:7848', term=1, raftClusterInfo=[nacos-server03:7848, nacos-server01:7848, nacos-server02:7848]}

2022-07-24 11:06:13,798 INFO This Raft event changes : RaftEvent{groupId='naming_service_metadata', leader='nacos-server02:7848', term=1, raftClusterInfo=[nacos-server03:7848, nacos-server01:7848, nacos-server02:7848]}

2022-07-24 11:06:13,821 INFO This Raft event changes : RaftEvent{groupId='naming_instance_metadata', leader='nacos-server01:7848', term=1, raftClusterInfo=[nacos-server03:7848, nacos-server01:7848, nacos-server02:7848]}

2022-07-24 11:06:13,857 INFO This Raft event changes : RaftEvent{groupId='naming_service_metadata', leader='nacos-server02:7848', term=1, raftClusterInfo=[nacos-server03:7848, nacos-server01:7848, nacos-server02:7848]}

2022-07-24 11:07:03,568 INFO shutdown jraft server

2022-07-24 11:07:03,575 INFO ========= The raft protocol is starting to close =========

2022-07-24 11:07:03,598 INFO shutdown jraft server

2022-07-24 11:07:04,122 INFO ========= The raft protocol is starting to close =========

2022-07-24 11:07:04,277 INFO shutdown jraft server

2022-07-24 11:07:04,288 INFO ========= The raft protocol is starting to close =========

2022-07-24 11:07:04,454 INFO ========= The raft protocol has been closed =========

2022-07-24 11:07:04,518 INFO ========= The raft protocol has been closed =========

2022-07-24 11:07:04,560 INFO ========= The raft protocol has been closed =========

