2022-07-24 11:05:57,073 INFO [DISTRO-INIT] waiting distro data storage register...

2022-07-24 11:05:57,392 INFO [DISTRO-INIT] waiting distro data storage register...

2022-07-24 11:05:58,015 INFO [DISTRO-INIT] waiting distro data storage register...

2022-07-24 11:05:58,227 INFO [DISTRO-INIT] waiting distro data storage register...

2022-07-24 11:05:58,543 INFO [DISTRO-INIT] waiting distro data storage register...

2022-07-24 11:05:59,233 INFO [DISTRO-INIT] waiting distro data storage register...

2022-07-24 11:05:59,238 INFO [DISTRO-INIT] waiting distro data storage register...

2022-07-24 11:05:59,545 INFO [DISTRO-INIT] waiting distro data storage register...

2022-07-24 11:06:00,250 INFO [DISTRO-INIT] waiting distro data storage register...

2022-07-24 11:06:00,533 INFO [DISTRO-INIT] waiting distro data storage register...

2022-07-24 11:06:00,549 INFO [DISTRO-INIT] waiting distro data storage register...

2022-07-24 11:06:01,451 INFO [DISTRO-INIT] waiting distro data storage register...

2022-07-24 11:06:01,534 INFO [DISTRO-INIT] waiting distro data storage register...

2022-07-24 11:06:01,551 INFO [DISTRO-INIT] waiting distro data storage register...

2022-07-24 11:06:02,454 INFO [DISTRO-INIT] waiting distro data storage register...

2022-07-24 11:06:02,763 INFO [DISTRO-INIT] waiting distro data storage register...

2022-07-24 11:06:02,984 INFO [DISTRO-INIT] waiting distro data storage register...

2022-07-24 11:06:03,458 INFO [DISTRO-INIT] waiting distro data storage register...

2022-07-24 11:06:03,771 INFO [DISTRO-INIT] waiting distro data storage register...

2022-07-24 11:06:03,998 INFO [DISTRO-INIT] waiting distro data storage register...

2022-07-24 11:06:04,443 INFO [DISTRO-INIT] waiting distro data storage register...

2022-07-24 11:06:04,751 INFO [DISTRO-INIT] waiting distro data storage register...

2022-07-24 11:06:04,988 INFO [DISTRO-INIT] waiting distro data storage register...

2022-07-24 11:06:05,446 INFO [DISTRO-INIT] waiting distro data storage register...

2022-07-24 11:06:05,753 INFO [DISTRO-INIT] load snapshot com.alibaba.nacos.naming.iplist. from nacos-server01:8848

2022-07-24 11:06:05,760 ERROR [DISTRO-INIT] load snapshot com.alibaba.nacos.naming.iplist. from nacos-server01:8848 failed.

com.alibaba.nacos.core.distributed.distro.exception.DistroException: [DISTRO-EXCEPTION]Get snapshot from nacos-server01:8848 failed.
	at com.alibaba.nacos.naming.consistency.ephemeral.distro.component.DistroHttpAgent.getDatumSnapshot(DistroHttpAgent.java:101)
	at com.alibaba.nacos.core.distributed.distro.task.load.DistroLoadDataTask.loadAllDataSnapshotFromRemote(DistroLoadDataTask.java:103)
	at com.alibaba.nacos.core.distributed.distro.task.load.DistroLoadDataTask.load(DistroLoadDataTask.java:87)
	at com.alibaba.nacos.core.distributed.distro.task.load.DistroLoadDataTask.run(DistroLoadDataTask.java:63)
	at java.util.concurrent.Executors$RunnableAdapter.call(Executors.java:511)
	at java.util.concurrent.FutureTask.run(FutureTask.java:266)
	at java.util.concurrent.ScheduledThreadPoolExecutor$ScheduledFutureTask.access$201(ScheduledThreadPoolExecutor.java:180)
	at java.util.concurrent.ScheduledThreadPoolExecutor$ScheduledFutureTask.run(ScheduledThreadPoolExecutor.java:293)
	at java.util.concurrent.ThreadPoolExecutor.runWorker(ThreadPoolExecutor.java:1149)
	at java.util.concurrent.ThreadPoolExecutor$Worker.run(ThreadPoolExecutor.java:624)
	at java.lang.Thread.run(Thread.java:750)
Caused by: java.io.IOException: failed to req API: http://nacos-server01:8848/nacos/v1/ns/distro/datums. code: 500 msg: org.apache.http.conn.HttpHostConnectException: Connect to nacos-server01:8848 [nacos-server01/172.24.0.4] failed: Connection refused (Connection refused)
	at com.alibaba.nacos.naming.misc.NamingProxy.getAllData(NamingProxy.java:152)
	at com.alibaba.nacos.naming.consistency.ephemeral.distro.component.DistroHttpAgent.getDatumSnapshot(DistroHttpAgent.java:98)
	... 10 common frames omitted
2022-07-24 11:06:05,761 INFO [DISTRO-INIT] load snapshot com.alibaba.nacos.naming.iplist. from nacos-server03:8848

2022-07-24 11:06:05,765 ERROR [DISTRO-INIT] load snapshot com.alibaba.nacos.naming.iplist. from nacos-server03:8848 failed.

com.alibaba.nacos.core.distributed.distro.exception.DistroException: [DISTRO-EXCEPTION]Get snapshot from nacos-server03:8848 failed.
	at com.alibaba.nacos.naming.consistency.ephemeral.distro.component.DistroHttpAgent.getDatumSnapshot(DistroHttpAgent.java:101)
	at com.alibaba.nacos.core.distributed.distro.task.load.DistroLoadDataTask.loadAllDataSnapshotFromRemote(DistroLoadDataTask.java:103)
	at com.alibaba.nacos.core.distributed.distro.task.load.DistroLoadDataTask.load(DistroLoadDataTask.java:87)
	at com.alibaba.nacos.core.distributed.distro.task.load.DistroLoadDataTask.run(DistroLoadDataTask.java:63)
	at java.util.concurrent.Executors$RunnableAdapter.call(Executors.java:511)
	at java.util.concurrent.FutureTask.run(FutureTask.java:266)
	at java.util.concurrent.ScheduledThreadPoolExecutor$ScheduledFutureTask.access$201(ScheduledThreadPoolExecutor.java:180)
	at java.util.concurrent.ScheduledThreadPoolExecutor$ScheduledFutureTask.run(ScheduledThreadPoolExecutor.java:293)
	at java.util.concurrent.ThreadPoolExecutor.runWorker(ThreadPoolExecutor.java:1149)
	at java.util.concurrent.ThreadPoolExecutor$Worker.run(ThreadPoolExecutor.java:624)
	at java.lang.Thread.run(Thread.java:750)
Caused by: java.io.IOException: failed to req API: http://nacos-server03:8848/nacos/v1/ns/distro/datums. code: 500 msg: org.apache.http.conn.HttpHostConnectException: Connect to nacos-server03:8848 [nacos-server03/172.24.0.3] failed: Connection refused (Connection refused)
	at com.alibaba.nacos.naming.misc.NamingProxy.getAllData(NamingProxy.java:152)
	at com.alibaba.nacos.naming.consistency.ephemeral.distro.component.DistroHttpAgent.getDatumSnapshot(DistroHttpAgent.java:98)
	... 10 common frames omitted
2022-07-24 11:06:05,770 INFO [DISTRO-INIT] load snapshot Nacos:Naming:v2:ClientData from nacos-server01:8848

2022-07-24 11:06:05,772 ERROR [DISTRO-INIT] load snapshot Nacos:Naming:v2:ClientData from nacos-server01:8848 failed.

com.alibaba.nacos.core.distributed.distro.exception.DistroException: [DISTRO-EXCEPTION][DISTRO-FAILED] Get distro snapshot failed! 
	at com.alibaba.nacos.naming.consistency.ephemeral.distro.v2.DistroClientTransportAgent.getDatumSnapshot(DistroClientTransportAgent.java:186)
	at com.alibaba.nacos.core.distributed.distro.task.load.DistroLoadDataTask.loadAllDataSnapshotFromRemote(DistroLoadDataTask.java:103)
	at com.alibaba.nacos.core.distributed.distro.task.load.DistroLoadDataTask.load(DistroLoadDataTask.java:87)
	at com.alibaba.nacos.core.distributed.distro.task.load.DistroLoadDataTask.run(DistroLoadDataTask.java:63)
	at java.util.concurrent.Executors$RunnableAdapter.call(Executors.java:511)
	at java.util.concurrent.FutureTask.run(FutureTask.java:266)
	at java.util.concurrent.ScheduledThreadPoolExecutor$ScheduledFutureTask.access$201(ScheduledThreadPoolExecutor.java:180)
	at java.util.concurrent.ScheduledThreadPoolExecutor$ScheduledFutureTask.run(ScheduledThreadPoolExecutor.java:293)
	at java.util.concurrent.ThreadPoolExecutor.runWorker(ThreadPoolExecutor.java:1149)
	at java.util.concurrent.ThreadPoolExecutor$Worker.run(ThreadPoolExecutor.java:624)
	at java.lang.Thread.run(Thread.java:750)
Caused by: com.alibaba.nacos.api.exception.NacosException: No rpc client related to member: Member{ip='nacos-server01', port=8848, state=UP, extendInfo={raftPort=7848, readyToUpgrade=true}}
	at com.alibaba.nacos.core.cluster.remote.ClusterRpcClientProxy.sendRequest(ClusterRpcClientProxy.java:186)
	at com.alibaba.nacos.core.cluster.remote.ClusterRpcClientProxy.sendRequest(ClusterRpcClientProxy.java:170)
	at com.alibaba.nacos.naming.consistency.ephemeral.distro.v2.DistroClientTransportAgent.getDatumSnapshot(DistroClientTransportAgent.java:177)
	... 10 common frames omitted
2022-07-24 11:06:05,773 INFO [DISTRO-INIT] load snapshot Nacos:Naming:v2:ClientData from nacos-server03:8848

2022-07-24 11:06:05,774 ERROR [DISTRO-INIT] load snapshot Nacos:Naming:v2:ClientData from nacos-server03:8848 failed.

com.alibaba.nacos.core.distributed.distro.exception.DistroException: [DISTRO-EXCEPTION][DISTRO-FAILED] Get distro snapshot failed! 
	at com.alibaba.nacos.naming.consistency.ephemeral.distro.v2.DistroClientTransportAgent.getDatumSnapshot(DistroClientTransportAgent.java:186)
	at com.alibaba.nacos.core.distributed.distro.task.load.DistroLoadDataTask.loadAllDataSnapshotFromRemote(DistroLoadDataTask.java:103)
	at com.alibaba.nacos.core.distributed.distro.task.load.DistroLoadDataTask.load(DistroLoadDataTask.java:87)
	at com.alibaba.nacos.core.distributed.distro.task.load.DistroLoadDataTask.run(DistroLoadDataTask.java:63)
	at java.util.concurrent.Executors$RunnableAdapter.call(Executors.java:511)
	at java.util.concurrent.FutureTask.run(FutureTask.java:266)
	at java.util.concurrent.ScheduledThreadPoolExecutor$ScheduledFutureTask.access$201(ScheduledThreadPoolExecutor.java:180)
	at java.util.concurrent.ScheduledThreadPoolExecutor$ScheduledFutureTask.run(ScheduledThreadPoolExecutor.java:293)
	at java.util.concurrent.ThreadPoolExecutor.runWorker(ThreadPoolExecutor.java:1149)
	at java.util.concurrent.ThreadPoolExecutor$Worker.run(ThreadPoolExecutor.java:624)
	at java.lang.Thread.run(Thread.java:750)
Caused by: com.alibaba.nacos.api.exception.NacosException: No rpc client related to member: Member{ip='nacos-server03', port=8848, state=UP, extendInfo={raftPort=7848, readyToUpgrade=true}}
	at com.alibaba.nacos.core.cluster.remote.ClusterRpcClientProxy.sendRequest(ClusterRpcClientProxy.java:186)
	at com.alibaba.nacos.core.cluster.remote.ClusterRpcClientProxy.sendRequest(ClusterRpcClientProxy.java:170)
	at com.alibaba.nacos.naming.consistency.ephemeral.distro.v2.DistroClientTransportAgent.getDatumSnapshot(DistroClientTransportAgent.java:177)
	... 10 common frames omitted
2022-07-24 11:06:05,992 INFO [DISTRO-INIT] waiting distro data storage register...

2022-07-24 11:06:06,450 INFO [DISTRO-INIT] waiting distro data storage register...

2022-07-24 11:06:07,456 INFO [DISTRO-INIT] load snapshot com.alibaba.nacos.naming.iplist. from nacos-server02:8848

2022-07-24 11:06:07,461 ERROR [DISTRO-INIT] load snapshot com.alibaba.nacos.naming.iplist. from nacos-server02:8848 failed.

com.alibaba.nacos.core.distributed.distro.exception.DistroException: [DISTRO-EXCEPTION]Get snapshot from nacos-server02:8848 failed.
	at com.alibaba.nacos.naming.consistency.ephemeral.distro.component.DistroHttpAgent.getDatumSnapshot(DistroHttpAgent.java:101)
	at com.alibaba.nacos.core.distributed.distro.task.load.DistroLoadDataTask.loadAllDataSnapshotFromRemote(DistroLoadDataTask.java:103)
	at com.alibaba.nacos.core.distributed.distro.task.load.DistroLoadDataTask.load(DistroLoadDataTask.java:87)
	at com.alibaba.nacos.core.distributed.distro.task.load.DistroLoadDataTask.run(DistroLoadDataTask.java:63)
	at java.util.concurrent.Executors$RunnableAdapter.call(Executors.java:511)
	at java.util.concurrent.FutureTask.run(FutureTask.java:266)
	at java.util.concurrent.ScheduledThreadPoolExecutor$ScheduledFutureTask.access$201(ScheduledThreadPoolExecutor.java:180)
	at java.util.concurrent.ScheduledThreadPoolExecutor$ScheduledFutureTask.run(ScheduledThreadPoolExecutor.java:293)
	at java.util.concurrent.ThreadPoolExecutor.runWorker(ThreadPoolExecutor.java:1149)
	at java.util.concurrent.ThreadPoolExecutor$Worker.run(ThreadPoolExecutor.java:624)
	at java.lang.Thread.run(Thread.java:750)
Caused by: java.io.IOException: failed to req API: http://nacos-server02:8848/nacos/v1/ns/distro/datums. code: 500 msg: org.apache.http.conn.HttpHostConnectException: Connect to nacos-server02:8848 [nacos-server02/172.24.0.5] failed: Connection refused (Connection refused)
	at com.alibaba.nacos.naming.misc.NamingProxy.getAllData(NamingProxy.java:152)
	at com.alibaba.nacos.naming.consistency.ephemeral.distro.component.DistroHttpAgent.getDatumSnapshot(DistroHttpAgent.java:98)
	... 10 common frames omitted
2022-07-24 11:06:07,463 INFO [DISTRO-INIT] load snapshot com.alibaba.nacos.naming.iplist. from nacos-server03:8848

2022-07-24 11:06:07,466 ERROR [DISTRO-INIT] load snapshot com.alibaba.nacos.naming.iplist. from nacos-server03:8848 failed.

com.alibaba.nacos.core.distributed.distro.exception.DistroException: [DISTRO-EXCEPTION]Get snapshot from nacos-server03:8848 failed.
	at com.alibaba.nacos.naming.consistency.ephemeral.distro.component.DistroHttpAgent.getDatumSnapshot(DistroHttpAgent.java:101)
	at com.alibaba.nacos.core.distributed.distro.task.load.DistroLoadDataTask.loadAllDataSnapshotFromRemote(DistroLoadDataTask.java:103)
	at com.alibaba.nacos.core.distributed.distro.task.load.DistroLoadDataTask.load(DistroLoadDataTask.java:87)
	at com.alibaba.nacos.core.distributed.distro.task.load.DistroLoadDataTask.run(DistroLoadDataTask.java:63)
	at java.util.concurrent.Executors$RunnableAdapter.call(Executors.java:511)
	at java.util.concurrent.FutureTask.run(FutureTask.java:266)
	at java.util.concurrent.ScheduledThreadPoolExecutor$ScheduledFutureTask.access$201(ScheduledThreadPoolExecutor.java:180)
	at java.util.concurrent.ScheduledThreadPoolExecutor$ScheduledFutureTask.run(ScheduledThreadPoolExecutor.java:293)
	at java.util.concurrent.ThreadPoolExecutor.runWorker(ThreadPoolExecutor.java:1149)
	at java.util.concurrent.ThreadPoolExecutor$Worker.run(ThreadPoolExecutor.java:624)
	at java.lang.Thread.run(Thread.java:750)
Caused by: java.io.IOException: failed to req API: http://nacos-server03:8848/nacos/v1/ns/distro/datums. code: 500 msg: org.apache.http.conn.HttpHostConnectException: Connect to nacos-server03:8848 [nacos-server03/172.24.0.3] failed: Connection refused (Connection refused)
	at com.alibaba.nacos.naming.misc.NamingProxy.getAllData(NamingProxy.java:152)
	at com.alibaba.nacos.naming.consistency.ephemeral.distro.component.DistroHttpAgent.getDatumSnapshot(DistroHttpAgent.java:98)
	... 10 common frames omitted
2022-07-24 11:06:07,468 INFO [DISTRO-INIT] load snapshot Nacos:Naming:v2:ClientData from nacos-server02:8848

2022-07-24 11:06:07,472 ERROR [DISTRO-INIT] load snapshot Nacos:Naming:v2:ClientData from nacos-server02:8848 failed.

com.alibaba.nacos.core.distributed.distro.exception.DistroException: [DISTRO-EXCEPTION][DISTRO-FAILED] Get distro snapshot failed! 
	at com.alibaba.nacos.naming.consistency.ephemeral.distro.v2.DistroClientTransportAgent.getDatumSnapshot(DistroClientTransportAgent.java:186)
	at com.alibaba.nacos.core.distributed.distro.task.load.DistroLoadDataTask.loadAllDataSnapshotFromRemote(DistroLoadDataTask.java:103)
	at com.alibaba.nacos.core.distributed.distro.task.load.DistroLoadDataTask.load(DistroLoadDataTask.java:87)
	at com.alibaba.nacos.core.distributed.distro.task.load.DistroLoadDataTask.run(DistroLoadDataTask.java:63)
	at java.util.concurrent.Executors$RunnableAdapter.call(Executors.java:511)
	at java.util.concurrent.FutureTask.run(FutureTask.java:266)
	at java.util.concurrent.ScheduledThreadPoolExecutor$ScheduledFutureTask.access$201(ScheduledThreadPoolExecutor.java:180)
	at java.util.concurrent.ScheduledThreadPoolExecutor$ScheduledFutureTask.run(ScheduledThreadPoolExecutor.java:293)
	at java.util.concurrent.ThreadPoolExecutor.runWorker(ThreadPoolExecutor.java:1149)
	at java.util.concurrent.ThreadPoolExecutor$Worker.run(ThreadPoolExecutor.java:624)
	at java.lang.Thread.run(Thread.java:750)
Caused by: com.alibaba.nacos.api.exception.NacosException: No rpc client related to member: Member{ip='nacos-server02', port=8848, state=UP, extendInfo={raftPort=7848, readyToUpgrade=true}}
	at com.alibaba.nacos.core.cluster.remote.ClusterRpcClientProxy.sendRequest(ClusterRpcClientProxy.java:186)
	at com.alibaba.nacos.core.cluster.remote.ClusterRpcClientProxy.sendRequest(ClusterRpcClientProxy.java:170)
	at com.alibaba.nacos.naming.consistency.ephemeral.distro.v2.DistroClientTransportAgent.getDatumSnapshot(DistroClientTransportAgent.java:177)
	... 10 common frames omitted
2022-07-24 11:06:07,474 INFO [DISTRO-INIT] load snapshot Nacos:Naming:v2:ClientData from nacos-server03:8848

2022-07-24 11:06:07,476 ERROR [DISTRO-INIT] load snapshot Nacos:Naming:v2:ClientData from nacos-server03:8848 failed.

com.alibaba.nacos.core.distributed.distro.exception.DistroException: [DISTRO-EXCEPTION][DISTRO-FAILED] Get distro snapshot failed! 
	at com.alibaba.nacos.naming.consistency.ephemeral.distro.v2.DistroClientTransportAgent.getDatumSnapshot(DistroClientTransportAgent.java:186)
	at com.alibaba.nacos.core.distributed.distro.task.load.DistroLoadDataTask.loadAllDataSnapshotFromRemote(DistroLoadDataTask.java:103)
	at com.alibaba.nacos.core.distributed.distro.task.load.DistroLoadDataTask.load(DistroLoadDataTask.java:87)
	at com.alibaba.nacos.core.distributed.distro.task.load.DistroLoadDataTask.run(DistroLoadDataTask.java:63)
	at java.util.concurrent.Executors$RunnableAdapter.call(Executors.java:511)
	at java.util.concurrent.FutureTask.run(FutureTask.java:266)
	at java.util.concurrent.ScheduledThreadPoolExecutor$ScheduledFutureTask.access$201(ScheduledThreadPoolExecutor.java:180)
	at java.util.concurrent.ScheduledThreadPoolExecutor$ScheduledFutureTask.run(ScheduledThreadPoolExecutor.java:293)
	at java.util.concurrent.ThreadPoolExecutor.runWorker(ThreadPoolExecutor.java:1149)
	at java.util.concurrent.ThreadPoolExecutor$Worker.run(ThreadPoolExecutor.java:624)
	at java.lang.Thread.run(Thread.java:750)
Caused by: com.alibaba.nacos.api.exception.NacosException: No rpc client related to member: Member{ip='nacos-server03', port=8848, state=UP, extendInfo={raftPort=7848, readyToUpgrade=true}}
	at com.alibaba.nacos.core.cluster.remote.ClusterRpcClientProxy.sendRequest(ClusterRpcClientProxy.java:186)
	at com.alibaba.nacos.core.cluster.remote.ClusterRpcClientProxy.sendRequest(ClusterRpcClientProxy.java:170)
	at com.alibaba.nacos.naming.consistency.ephemeral.distro.v2.DistroClientTransportAgent.getDatumSnapshot(DistroClientTransportAgent.java:177)
	... 10 common frames omitted
2022-07-24 11:06:07,748 WARN data storage DistroDataStorageImpl has not finished initial step, do not send verify data

2022-07-24 11:06:07,771 WARN data storage DistroClientDataProcessor has not finished initial step, do not send verify data

2022-07-24 11:06:08,029 INFO [DISTRO-INIT] load snapshot com.alibaba.nacos.naming.iplist. from nacos-server01:8848

2022-07-24 11:06:07,998 WARN data storage DistroDataStorageImpl has not finished initial step, do not send verify data

2022-07-24 11:06:08,048 WARN data storage DistroClientDataProcessor has not finished initial step, do not send verify data

2022-07-24 11:06:08,039 ERROR [DISTRO-INIT] load snapshot com.alibaba.nacos.naming.iplist. from nacos-server01:8848 failed.

com.alibaba.nacos.core.distributed.distro.exception.DistroException: [DISTRO-EXCEPTION]Get snapshot from nacos-server01:8848 failed.
	at com.alibaba.nacos.naming.consistency.ephemeral.distro.component.DistroHttpAgent.getDatumSnapshot(DistroHttpAgent.java:101)
	at com.alibaba.nacos.core.distributed.distro.task.load.DistroLoadDataTask.loadAllDataSnapshotFromRemote(DistroLoadDataTask.java:103)
	at com.alibaba.nacos.core.distributed.distro.task.load.DistroLoadDataTask.load(DistroLoadDataTask.java:87)
	at com.alibaba.nacos.core.distributed.distro.task.load.DistroLoadDataTask.run(DistroLoadDataTask.java:63)
	at java.util.concurrent.Executors$RunnableAdapter.call(Executors.java:511)
	at java.util.concurrent.FutureTask.run(FutureTask.java:266)
	at java.util.concurrent.ScheduledThreadPoolExecutor$ScheduledFutureTask.access$201(ScheduledThreadPoolExecutor.java:180)
	at java.util.concurrent.ScheduledThreadPoolExecutor$ScheduledFutureTask.run(ScheduledThreadPoolExecutor.java:293)
	at java.util.concurrent.ThreadPoolExecutor.runWorker(ThreadPoolExecutor.java:1149)
	at java.util.concurrent.ThreadPoolExecutor$Worker.run(ThreadPoolExecutor.java:624)
	at java.lang.Thread.run(Thread.java:750)
Caused by: java.io.IOException: failed to req API: http://nacos-server01:8848/nacos/v1/ns/distro/datums. code: 500 msg: org.apache.http.conn.HttpHostConnectException: Connect to nacos-server01:8848 [nacos-server01/172.24.0.4] failed: Connection refused (Connection refused)
	at com.alibaba.nacos.naming.misc.NamingProxy.getAllData(NamingProxy.java:152)
	at com.alibaba.nacos.naming.consistency.ephemeral.distro.component.DistroHttpAgent.getDatumSnapshot(DistroHttpAgent.java:98)
	... 10 common frames omitted
2022-07-24 11:06:08,050 INFO [DISTRO-INIT] load snapshot com.alibaba.nacos.naming.iplist. from nacos-server02:8848

2022-07-24 11:06:08,053 ERROR [DISTRO-INIT] load snapshot com.alibaba.nacos.naming.iplist. from nacos-server02:8848 failed.

com.alibaba.nacos.core.distributed.distro.exception.DistroException: [DISTRO-EXCEPTION]Get snapshot from nacos-server02:8848 failed.
	at com.alibaba.nacos.naming.consistency.ephemeral.distro.component.DistroHttpAgent.getDatumSnapshot(DistroHttpAgent.java:101)
	at com.alibaba.nacos.core.distributed.distro.task.load.DistroLoadDataTask.loadAllDataSnapshotFromRemote(DistroLoadDataTask.java:103)
	at com.alibaba.nacos.core.distributed.distro.task.load.DistroLoadDataTask.load(DistroLoadDataTask.java:87)
	at com.alibaba.nacos.core.distributed.distro.task.load.DistroLoadDataTask.run(DistroLoadDataTask.java:63)
	at java.util.concurrent.Executors$RunnableAdapter.call(Executors.java:511)
	at java.util.concurrent.FutureTask.run(FutureTask.java:266)
	at java.util.concurrent.ScheduledThreadPoolExecutor$ScheduledFutureTask.access$201(ScheduledThreadPoolExecutor.java:180)
	at java.util.concurrent.ScheduledThreadPoolExecutor$ScheduledFutureTask.run(ScheduledThreadPoolExecutor.java:293)
	at java.util.concurrent.ThreadPoolExecutor.runWorker(ThreadPoolExecutor.java:1149)
	at java.util.concurrent.ThreadPoolExecutor$Worker.run(ThreadPoolExecutor.java:624)
	at java.lang.Thread.run(Thread.java:750)
Caused by: java.io.IOException: failed to req API: http://nacos-server02:8848/nacos/v1/ns/distro/datums. code: 500 msg: org.apache.http.conn.HttpHostConnectException: Connect to nacos-server02:8848 [nacos-server02/172.24.0.5] failed: Connection refused (Connection refused)
	at com.alibaba.nacos.naming.misc.NamingProxy.getAllData(NamingProxy.java:152)
	at com.alibaba.nacos.naming.consistency.ephemeral.distro.component.DistroHttpAgent.getDatumSnapshot(DistroHttpAgent.java:98)
	... 10 common frames omitted
2022-07-24 11:06:08,054 INFO [DISTRO-INIT] load snapshot Nacos:Naming:v2:ClientData from nacos-server01:8848

2022-07-24 11:06:08,058 ERROR [DISTRO-INIT] load snapshot Nacos:Naming:v2:ClientData from nacos-server01:8848 failed.

com.alibaba.nacos.core.distributed.distro.exception.DistroException: [DISTRO-EXCEPTION][DISTRO-FAILED] Get distro snapshot failed! 
	at com.alibaba.nacos.naming.consistency.ephemeral.distro.v2.DistroClientTransportAgent.getDatumSnapshot(DistroClientTransportAgent.java:186)
	at com.alibaba.nacos.core.distributed.distro.task.load.DistroLoadDataTask.loadAllDataSnapshotFromRemote(DistroLoadDataTask.java:103)
	at com.alibaba.nacos.core.distributed.distro.task.load.DistroLoadDataTask.load(DistroLoadDataTask.java:87)
	at com.alibaba.nacos.core.distributed.distro.task.load.DistroLoadDataTask.run(DistroLoadDataTask.java:63)
	at java.util.concurrent.Executors$RunnableAdapter.call(Executors.java:511)
	at java.util.concurrent.FutureTask.run(FutureTask.java:266)
	at java.util.concurrent.ScheduledThreadPoolExecutor$ScheduledFutureTask.access$201(ScheduledThreadPoolExecutor.java:180)
	at java.util.concurrent.ScheduledThreadPoolExecutor$ScheduledFutureTask.run(ScheduledThreadPoolExecutor.java:293)
	at java.util.concurrent.ThreadPoolExecutor.runWorker(ThreadPoolExecutor.java:1149)
	at java.util.concurrent.ThreadPoolExecutor$Worker.run(ThreadPoolExecutor.java:624)
	at java.lang.Thread.run(Thread.java:750)
Caused by: com.alibaba.nacos.api.exception.NacosException: No rpc client related to member: Member{ip='nacos-server01', port=8848, state=UP, extendInfo={raftPort=7848, readyToUpgrade=true}}
	at com.alibaba.nacos.core.cluster.remote.ClusterRpcClientProxy.sendRequest(ClusterRpcClientProxy.java:186)
	at com.alibaba.nacos.core.cluster.remote.ClusterRpcClientProxy.sendRequest(ClusterRpcClientProxy.java:170)
	at com.alibaba.nacos.naming.consistency.ephemeral.distro.v2.DistroClientTransportAgent.getDatumSnapshot(DistroClientTransportAgent.java:177)
	... 10 common frames omitted
2022-07-24 11:06:08,059 INFO [DISTRO-INIT] load snapshot Nacos:Naming:v2:ClientData from nacos-server02:8848

2022-07-24 11:06:08,060 ERROR [DISTRO-INIT] load snapshot Nacos:Naming:v2:ClientData from nacos-server02:8848 failed.

com.alibaba.nacos.core.distributed.distro.exception.DistroException: [DISTRO-EXCEPTION][DISTRO-FAILED] Get distro snapshot failed! 
	at com.alibaba.nacos.naming.consistency.ephemeral.distro.v2.DistroClientTransportAgent.getDatumSnapshot(DistroClientTransportAgent.java:186)
	at com.alibaba.nacos.core.distributed.distro.task.load.DistroLoadDataTask.loadAllDataSnapshotFromRemote(DistroLoadDataTask.java:103)
	at com.alibaba.nacos.core.distributed.distro.task.load.DistroLoadDataTask.load(DistroLoadDataTask.java:87)
	at com.alibaba.nacos.core.distributed.distro.task.load.DistroLoadDataTask.run(DistroLoadDataTask.java:63)
	at java.util.concurrent.Executors$RunnableAdapter.call(Executors.java:511)
	at java.util.concurrent.FutureTask.run(FutureTask.java:266)
	at java.util.concurrent.ScheduledThreadPoolExecutor$ScheduledFutureTask.access$201(ScheduledThreadPoolExecutor.java:180)
	at java.util.concurrent.ScheduledThreadPoolExecutor$ScheduledFutureTask.run(ScheduledThreadPoolExecutor.java:293)
	at java.util.concurrent.ThreadPoolExecutor.runWorker(ThreadPoolExecutor.java:1149)
	at java.util.concurrent.ThreadPoolExecutor$Worker.run(ThreadPoolExecutor.java:624)
	at java.lang.Thread.run(Thread.java:750)
Caused by: com.alibaba.nacos.api.exception.NacosException: No rpc client related to member: Member{ip='nacos-server02', port=8848, state=UP, extendInfo={raftPort=7848, readyToUpgrade=true}}
	at com.alibaba.nacos.core.cluster.remote.ClusterRpcClientProxy.sendRequest(ClusterRpcClientProxy.java:186)
	at com.alibaba.nacos.core.cluster.remote.ClusterRpcClientProxy.sendRequest(ClusterRpcClientProxy.java:170)
	at com.alibaba.nacos.naming.consistency.ephemeral.distro.v2.DistroClientTransportAgent.getDatumSnapshot(DistroClientTransportAgent.java:177)
	... 10 common frames omitted
2022-07-24 11:06:08,676 WARN data storage DistroDataStorageImpl has not finished initial step, do not send verify data

2022-07-24 11:06:08,678 WARN data storage DistroClientDataProcessor has not finished initial step, do not send verify data

2022-07-24 11:06:12,773 WARN data storage DistroDataStorageImpl has not finished initial step, do not send verify data

2022-07-24 11:06:12,818 WARN data storage DistroClientDataProcessor has not finished initial step, do not send verify data

2022-07-24 11:06:13,619 WARN data storage DistroDataStorageImpl has not finished initial step, do not send verify data

2022-07-24 11:06:13,621 WARN data storage DistroClientDataProcessor has not finished initial step, do not send verify data

2022-07-24 11:06:13,679 WARN data storage DistroDataStorageImpl has not finished initial step, do not send verify data

2022-07-24 11:06:13,681 WARN data storage DistroClientDataProcessor has not finished initial step, do not send verify data

2022-07-24 11:06:17,825 WARN data storage DistroDataStorageImpl has not finished initial step, do not send verify data

2022-07-24 11:06:17,828 WARN data storage DistroClientDataProcessor has not finished initial step, do not send verify data

2022-07-24 11:06:18,622 WARN data storage DistroDataStorageImpl has not finished initial step, do not send verify data

2022-07-24 11:06:18,624 WARN data storage DistroClientDataProcessor has not finished initial step, do not send verify data

2022-07-24 11:06:18,682 WARN data storage DistroDataStorageImpl has not finished initial step, do not send verify data

2022-07-24 11:06:18,684 WARN data storage DistroClientDataProcessor has not finished initial step, do not send verify data

2022-07-24 11:06:22,830 WARN data storage DistroDataStorageImpl has not finished initial step, do not send verify data

2022-07-24 11:06:22,832 WARN data storage DistroClientDataProcessor has not finished initial step, do not send verify data

2022-07-24 11:06:23,625 WARN data storage DistroDataStorageImpl has not finished initial step, do not send verify data

2022-07-24 11:06:23,627 WARN data storage DistroClientDataProcessor has not finished initial step, do not send verify data

2022-07-24 11:06:23,687 WARN data storage DistroDataStorageImpl has not finished initial step, do not send verify data

2022-07-24 11:06:23,690 WARN data storage DistroClientDataProcessor has not finished initial step, do not send verify data

2022-07-24 11:06:27,834 WARN data storage DistroDataStorageImpl has not finished initial step, do not send verify data

2022-07-24 11:06:27,835 WARN data storage DistroClientDataProcessor has not finished initial step, do not send verify data

2022-07-24 11:06:28,629 WARN data storage DistroDataStorageImpl has not finished initial step, do not send verify data

2022-07-24 11:06:28,633 WARN data storage DistroClientDataProcessor has not finished initial step, do not send verify data

2022-07-24 11:06:28,692 WARN data storage DistroDataStorageImpl has not finished initial step, do not send verify data

2022-07-24 11:06:28,697 WARN data storage DistroClientDataProcessor has not finished initial step, do not send verify data

2022-07-24 11:06:32,837 WARN data storage DistroDataStorageImpl has not finished initial step, do not send verify data

2022-07-24 11:06:32,839 WARN data storage DistroClientDataProcessor has not finished initial step, do not send verify data

2022-07-24 11:06:33,635 WARN data storage DistroDataStorageImpl has not finished initial step, do not send verify data

2022-07-24 11:06:33,637 WARN data storage DistroClientDataProcessor has not finished initial step, do not send verify data

2022-07-24 11:06:33,699 WARN data storage DistroDataStorageImpl has not finished initial step, do not send verify data

2022-07-24 11:06:33,700 WARN data storage DistroClientDataProcessor has not finished initial step, do not send verify data

2022-07-24 11:06:37,819 WARN data storage DistroDataStorageImpl has not finished initial step, do not send verify data

2022-07-24 11:06:37,820 WARN data storage DistroClientDataProcessor has not finished initial step, do not send verify data

2022-07-24 11:06:38,616 WARN data storage DistroDataStorageImpl has not finished initial step, do not send verify data

2022-07-24 11:06:38,617 WARN data storage DistroClientDataProcessor has not finished initial step, do not send verify data

2022-07-24 11:06:38,679 WARN data storage DistroDataStorageImpl has not finished initial step, do not send verify data

2022-07-24 11:06:38,681 WARN data storage DistroClientDataProcessor has not finished initial step, do not send verify data

2022-07-24 11:06:42,822 WARN data storage DistroDataStorageImpl has not finished initial step, do not send verify data

2022-07-24 11:06:42,824 WARN data storage DistroClientDataProcessor has not finished initial step, do not send verify data

2022-07-24 11:06:43,618 WARN data storage DistroDataStorageImpl has not finished initial step, do not send verify data

2022-07-24 11:06:43,620 WARN data storage DistroClientDataProcessor has not finished initial step, do not send verify data

2022-07-24 11:06:43,683 WARN data storage DistroDataStorageImpl has not finished initial step, do not send verify data

2022-07-24 11:06:43,684 WARN data storage DistroClientDataProcessor has not finished initial step, do not send verify data

2022-07-24 11:06:47,829 WARN data storage DistroDataStorageImpl has not finished initial step, do not send verify data

2022-07-24 11:06:47,833 WARN data storage DistroClientDataProcessor has not finished initial step, do not send verify data

2022-07-24 11:06:48,621 WARN data storage DistroDataStorageImpl has not finished initial step, do not send verify data

2022-07-24 11:06:48,624 WARN data storage DistroClientDataProcessor has not finished initial step, do not send verify data

2022-07-24 11:06:48,685 WARN data storage DistroDataStorageImpl has not finished initial step, do not send verify data

2022-07-24 11:06:48,688 WARN data storage DistroClientDataProcessor has not finished initial step, do not send verify data

2022-07-24 11:06:52,837 WARN data storage DistroDataStorageImpl has not finished initial step, do not send verify data

2022-07-24 11:06:52,839 WARN data storage DistroClientDataProcessor has not finished initial step, do not send verify data

2022-07-24 11:06:53,625 WARN data storage DistroDataStorageImpl has not finished initial step, do not send verify data

2022-07-24 11:06:53,630 WARN data storage DistroClientDataProcessor has not finished initial step, do not send verify data

2022-07-24 11:06:53,691 WARN data storage DistroDataStorageImpl has not finished initial step, do not send verify data

2022-07-24 11:06:53,694 WARN data storage DistroClientDataProcessor has not finished initial step, do not send verify data

2022-07-24 11:06:57,841 WARN data storage DistroDataStorageImpl has not finished initial step, do not send verify data

2022-07-24 11:06:57,843 WARN data storage DistroClientDataProcessor has not finished initial step, do not send verify data

2022-07-24 11:06:58,632 WARN data storage DistroDataStorageImpl has not finished initial step, do not send verify data

2022-07-24 11:06:58,633 WARN data storage DistroClientDataProcessor has not finished initial step, do not send verify data

2022-07-24 11:06:58,695 WARN data storage DistroDataStorageImpl has not finished initial step, do not send verify data

2022-07-24 11:06:58,697 WARN data storage DistroClientDataProcessor has not finished initial step, do not send verify data

2022-07-24 11:07:02,845 WARN data storage DistroDataStorageImpl has not finished initial step, do not send verify data

2022-07-24 11:07:02,846 WARN data storage DistroClientDataProcessor has not finished initial step, do not send verify data

2022-07-24 11:07:04,202 WARN data storage DistroDataStorageImpl has not finished initial step, do not send verify data

2022-07-24 11:07:04,203 WARN data storage DistroClientDataProcessor has not finished initial step, do not send verify data

