2022-07-24 11:06:01,179 INFO [ClientConnectionEventListenerRegistry] registry listener - ConnectionBasedClientManager

2022-07-24 11:06:01,311 INFO [ClientConnectionEventListenerRegistry] registry listener - ConnectionBasedClientManager

2022-07-24 11:06:01,356 INFO Init loader limit rule from local,rule=

2022-07-24 11:06:01,571 INFO Init loader limit rule from local,rule=

2022-07-24 11:06:02,705 INFO [ClientConnectionEventListenerRegistry] registry listener - ConnectionBasedClientManager

2022-07-24 11:06:03,046 INFO Init loader limit rule from local,rule=

2022-07-24 11:06:03,194 INFO [ClientConnectionEventListenerRegistry] registry listener - ConfigConnectionEventListener

2022-07-24 11:06:03,647 INFO [ClientConnectionEventListenerRegistry] registry listener - RpcAckCallbackInitorOrCleaner

2022-07-24 11:06:03,686 INFO [ClientConnectionEventListenerRegistry] registry listener - ConfigConnectionEventListener

2022-07-24 11:06:03,799 INFO [ClientConnectionEventListenerRegistry] registry listener - RpcAckCallbackInitorOrCleaner

2022-07-24 11:06:04,525 INFO Nacos GrpcSdkServer Rpc server starting at port 9848

2022-07-24 11:06:04,556 INFO Nacos GrpcSdkServer Rpc server started at port 9848

2022-07-24 11:06:04,562 INFO Nacos GrpcClusterServer Rpc server starting at port 9849

2022-07-24 11:06:04,576 INFO Nacos GrpcClusterServer Rpc server started at port 9849

2022-07-24 11:06:04,750 INFO [ClientConnectionEventListenerRegistry] registry listener - ConfigConnectionEventListener

2022-07-24 11:06:04,852 INFO [ClientConnectionEventListenerRegistry] registry listener - RpcAckCallbackInitorOrCleaner

2022-07-24 11:06:05,038 INFO Nacos GrpcSdkServer Rpc server starting at port 9848

2022-07-24 11:06:05,095 INFO Nacos GrpcSdkServer Rpc server started at port 9848

2022-07-24 11:06:05,100 INFO Nacos GrpcClusterServer Rpc server starting at port 9849

2022-07-24 11:06:05,125 INFO Nacos GrpcClusterServer Rpc server started at port 9849

2022-07-24 11:06:05,482 INFO Nacos GrpcSdkServer Rpc server starting at port 9848

2022-07-24 11:06:05,521 INFO Nacos GrpcSdkServer Rpc server started at port 9848

2022-07-24 11:06:05,536 INFO Nacos GrpcClusterServer Rpc server starting at port 9849

2022-07-24 11:06:05,552 INFO Nacos GrpcClusterServer Rpc server started at port 9849

2022-07-24 11:07:03,404 INFO Nacos GrpcClusterServer Rpc server stopping

2022-07-24 11:07:03,404 INFO Nacos GrpcSdkServer Rpc server stopping

2022-07-24 11:07:03,409 INFO Nacos GrpcClusterServer Rpc server stopped successfully...

2022-07-24 11:07:03,410 INFO Nacos GrpcSdkServer Rpc server stopped successfully...

2022-07-24 11:07:03,391 INFO Nacos GrpcClusterServer Rpc server stopping

2022-07-24 11:07:03,393 INFO Nacos GrpcSdkServer Rpc server stopping

2022-07-24 11:07:03,433 INFO Nacos GrpcSdkServer Rpc server stopped successfully...

2022-07-24 11:07:03,434 INFO Nacos GrpcClusterServer Rpc server stopped successfully...

2022-07-24 11:07:03,391 INFO Nacos GrpcClusterServer Rpc server stopping

2022-07-24 11:07:03,393 INFO Nacos GrpcSdkServer Rpc server stopping

2022-07-24 11:07:03,460 INFO Nacos GrpcClusterServer Rpc server stopped successfully...

2022-07-24 11:07:03,481 INFO Nacos GrpcSdkServer Rpc server stopped successfully...

