2022-07-24 11:06:02,388 INFO Connection check task start

2022-07-24 11:06:02,409 INFO Total count =0, sdkCount=0,clusterCount=0, currentLimit=-1, toExpelCount=0

2022-07-24 11:06:02,414 INFO Check over limit for ip limit rule, over limit ip count=0

2022-07-24 11:06:02,763 INFO Connection check task start

2022-07-24 11:06:02,842 INFO Total count =0, sdkCount=0,clusterCount=0, currentLimit=-1, toExpelCount=0

2022-07-24 11:06:02,854 INFO Check over limit for ip limit rule, over limit ip count=0

2022-07-24 11:06:02,855 INFO Out dated connection ,size=0

2022-07-24 11:06:02,857 INFO Connection check task end

2022-07-24 11:06:02,420 INFO Out dated connection ,size=0

2022-07-24 11:06:02,996 INFO Connection check task end

2022-07-24 11:06:04,170 INFO Connection check task start

2022-07-24 11:06:04,186 INFO Total count =0, sdkCount=0,clusterCount=0, currentLimit=-1, toExpelCount=0

2022-07-24 11:06:04,187 INFO Check over limit for ip limit rule, over limit ip count=0

2022-07-24 11:06:04,188 INFO Out dated connection ,size=0

2022-07-24 11:06:04,189 INFO Connection check task end

2022-07-24 11:06:05,836 INFO Connection check task start

2022-07-24 11:06:05,839 INFO Total count =0, sdkCount=0,clusterCount=0, currentLimit=-1, toExpelCount=0

2022-07-24 11:06:05,840 INFO Check over limit for ip limit rule, over limit ip count=0

2022-07-24 11:06:05,842 INFO Out dated connection ,size=0

2022-07-24 11:06:05,843 INFO Connection check task end

2022-07-24 11:06:05,976 INFO Connection check task start

2022-07-24 11:06:05,978 INFO Total count =0, sdkCount=0,clusterCount=0, currentLimit=-1, toExpelCount=0

2022-07-24 11:06:05,979 INFO Check over limit for ip limit rule, over limit ip count=0

2022-07-24 11:06:05,980 INFO Out dated connection ,size=0

2022-07-24 11:06:05,980 INFO Connection check task end

2022-07-24 11:06:07,190 INFO Connection check task start

2022-07-24 11:06:07,192 INFO Total count =0, sdkCount=0,clusterCount=0, currentLimit=-1, toExpelCount=0

2022-07-24 11:06:07,192 INFO Check over limit for ip limit rule, over limit ip count=0

2022-07-24 11:06:07,193 INFO Out dated connection ,size=0

2022-07-24 11:06:07,194 INFO Connection check task end

2022-07-24 11:06:08,981 INFO Connection check task start

2022-07-24 11:06:08,983 INFO Total count =0, sdkCount=0,clusterCount=0, currentLimit=-1, toExpelCount=0

2022-07-24 11:06:08,984 INFO Check over limit for ip limit rule, over limit ip count=0

2022-07-24 11:06:08,984 INFO Out dated connection ,size=0

2022-07-24 11:06:08,985 INFO Connection check task end

2022-07-24 11:06:09,401 INFO Connection check task start

2022-07-24 11:06:09,403 INFO Total count =0, sdkCount=0,clusterCount=0, currentLimit=-1, toExpelCount=0

2022-07-24 11:06:09,405 INFO Check over limit for ip limit rule, over limit ip count=0

2022-07-24 11:06:09,408 INFO Out dated connection ,size=0

2022-07-24 11:06:09,410 INFO Connection check task end

2022-07-24 11:06:11,164 INFO Connection check task start

2022-07-24 11:06:11,166 INFO Total count =0, sdkCount=0,clusterCount=0, currentLimit=-1, toExpelCount=0

2022-07-24 11:06:11,167 INFO Check over limit for ip limit rule, over limit ip count=0

2022-07-24 11:06:11,168 INFO Out dated connection ,size=0

2022-07-24 11:06:11,169 INFO Connection check task end

2022-07-24 11:06:12,009 INFO Connection check task start

2022-07-24 11:06:12,011 INFO Total count =0, sdkCount=0,clusterCount=0, currentLimit=-1, toExpelCount=0

2022-07-24 11:06:12,012 INFO Check over limit for ip limit rule, over limit ip count=0

2022-07-24 11:06:12,012 INFO Out dated connection ,size=0

2022-07-24 11:06:12,013 INFO Connection check task end

2022-07-24 11:06:12,768 INFO Connection check task start

2022-07-24 11:06:12,770 INFO Total count =0, sdkCount=0,clusterCount=0, currentLimit=-1, toExpelCount=0

2022-07-24 11:06:12,771 INFO Check over limit for ip limit rule, over limit ip count=0

2022-07-24 11:06:12,772 INFO Out dated connection ,size=0

2022-07-24 11:06:12,774 INFO Connection check task end

2022-07-24 11:06:14,795 INFO Connection check task start

2022-07-24 11:06:14,801 INFO Total count =0, sdkCount=0,clusterCount=0, currentLimit=-1, toExpelCount=0

2022-07-24 11:06:14,803 INFO Check over limit for ip limit rule, over limit ip count=0

2022-07-24 11:06:14,803 INFO Out dated connection ,size=0

2022-07-24 11:06:14,813 INFO Connection check task end

2022-07-24 11:06:15,015 INFO Connection check task start

2022-07-24 11:06:15,017 INFO Total count =0, sdkCount=0,clusterCount=0, currentLimit=-1, toExpelCount=0

2022-07-24 11:06:15,018 INFO Check over limit for ip limit rule, over limit ip count=0

2022-07-24 11:06:15,019 INFO Out dated connection ,size=0

2022-07-24 11:06:15,020 INFO Connection check task end

2022-07-24 11:06:15,776 INFO Connection check task start

2022-07-24 11:06:15,778 INFO Total count =0, sdkCount=0,clusterCount=0, currentLimit=-1, toExpelCount=0

2022-07-24 11:06:15,779 INFO Check over limit for ip limit rule, over limit ip count=0

2022-07-24 11:06:15,780 INFO Out dated connection ,size=0

2022-07-24 11:06:15,782 INFO Connection check task end

2022-07-24 11:06:17,825 INFO Connection check task start

2022-07-24 11:06:17,828 INFO Total count =0, sdkCount=0,clusterCount=0, currentLimit=-1, toExpelCount=0

2022-07-24 11:06:17,830 INFO Check over limit for ip limit rule, over limit ip count=0

2022-07-24 11:06:17,831 INFO Out dated connection ,size=0

2022-07-24 11:06:17,832 INFO Connection check task end

2022-07-24 11:06:18,021 INFO Connection check task start

2022-07-24 11:06:18,024 INFO Total count =0, sdkCount=0,clusterCount=0, currentLimit=-1, toExpelCount=0

2022-07-24 11:06:18,025 INFO Check over limit for ip limit rule, over limit ip count=0

2022-07-24 11:06:18,027 INFO Out dated connection ,size=0

2022-07-24 11:06:18,028 INFO Connection check task end

2022-07-24 11:06:18,782 INFO Connection check task start

2022-07-24 11:06:18,785 INFO Total count =0, sdkCount=0,clusterCount=0, currentLimit=-1, toExpelCount=0

2022-07-24 11:06:18,786 INFO Check over limit for ip limit rule, over limit ip count=0

2022-07-24 11:06:18,788 INFO Out dated connection ,size=0

2022-07-24 11:06:18,789 INFO Connection check task end

2022-07-24 11:06:18,812 INFO Connection transportReady,connectionId = 1658631978812_172.24.0.3_33740 

2022-07-24 11:06:18,900 INFO new connection registered successfully, connectionId = 1658631978812_172.24.0.3_33740,connection=Connection{traced=false, abilities=null, metaInfo=ConnectionMeta{connectType='GRPC', clientIp='172.24.0.3', remoteIp='172.24.0.3', remotePort=33740, localPort=9849, version='Nacos-Java-Client:v2.1.0', connectionId='1658631978812_172.24.0.3_33740', createTime=Sun Jul 24 11:06:18 CST 2022, lastActiveTime=1658631978889, appName='-', tenant='null', labels={source=cluster}}} 

2022-07-24 11:06:19,537 INFO Connection transportReady,connectionId = 1658631979537_172.24.0.5_42008 

2022-07-24 11:06:19,577 INFO new connection registered successfully, connectionId = 1658631979537_172.24.0.5_42008,connection=Connection{traced=false, abilities=null, metaInfo=ConnectionMeta{connectType='GRPC', clientIp='172.24.0.5', remoteIp='172.24.0.5', remotePort=42008, localPort=9849, version='Nacos-Java-Client:v2.1.0', connectionId='1658631979537_172.24.0.5_42008', createTime=Sun Jul 24 11:06:19 CST 2022, lastActiveTime=1658631979568, appName='-', tenant='null', labels={source=cluster}}} 

2022-07-24 11:06:20,569 INFO Connection transportReady,connectionId = 1658631980569_172.24.0.3_42380 

2022-07-24 11:06:20,681 INFO new connection registered successfully, connectionId = 1658631980569_172.24.0.3_42380,connection=Connection{traced=false, abilities=null, metaInfo=ConnectionMeta{connectType='GRPC', clientIp='172.24.0.3', remoteIp='172.24.0.3', remotePort=42380, localPort=9849, version='Nacos-Java-Client:v2.1.0', connectionId='1658631980569_172.24.0.3_42380', createTime=Sun Jul 24 11:06:20 CST 2022, lastActiveTime=1658631980651, appName='-', tenant='null', labels={source=cluster}}} 

2022-07-24 11:06:20,705 INFO Connection transportReady,connectionId = 1658631980705_172.24.0.4_35894 

2022-07-24 11:06:20,723 INFO new connection registered successfully, connectionId = 1658631980705_172.24.0.4_35894,connection=Connection{traced=false, abilities=null, metaInfo=ConnectionMeta{connectType='GRPC', clientIp='172.24.0.4', remoteIp='172.24.0.4', remotePort=35894, localPort=9849, version='Nacos-Java-Client:v2.1.0', connectionId='1658631980705_172.24.0.4_35894', createTime=Sun Jul 24 11:06:20 CST 2022, lastActiveTime=1658631980723, appName='-', tenant='null', labels={source=cluster}}} 

2022-07-24 11:06:20,833 INFO Connection check task start

2022-07-24 11:06:20,834 INFO Total count =1, sdkCount=0,clusterCount=1, currentLimit=-1, toExpelCount=0

2022-07-24 11:06:20,835 INFO Check over limit for ip limit rule, over limit ip count=0

2022-07-24 11:06:20,836 INFO Out dated connection ,size=0

2022-07-24 11:06:20,837 INFO Connection check task end

2022-07-24 11:06:21,029 INFO Connection check task start

2022-07-24 11:06:21,031 INFO Total count =1, sdkCount=0,clusterCount=1, currentLimit=-1, toExpelCount=0

2022-07-24 11:06:21,032 INFO Check over limit for ip limit rule, over limit ip count=0

2022-07-24 11:06:21,033 INFO Out dated connection ,size=0

2022-07-24 11:06:21,034 INFO Connection check task end

2022-07-24 11:06:21,467 INFO Connection transportReady,connectionId = 1658631981467_172.24.0.4_44070 

2022-07-24 11:06:21,478 INFO new connection registered successfully, connectionId = 1658631981467_172.24.0.4_44070,connection=Connection{traced=false, abilities=null, metaInfo=ConnectionMeta{connectType='GRPC', clientIp='172.24.0.4', remoteIp='172.24.0.4', remotePort=44070, localPort=9849, version='Nacos-Java-Client:v2.1.0', connectionId='1658631981467_172.24.0.4_44070', createTime=Sun Jul 24 11:06:21 CST 2022, lastActiveTime=1658631981478, appName='-', tenant='null', labels={source=cluster}}} 

2022-07-24 11:06:21,790 INFO Connection check task start

2022-07-24 11:06:21,793 INFO Total count =2, sdkCount=0,clusterCount=2, currentLimit=-1, toExpelCount=0

2022-07-24 11:06:21,795 INFO Check over limit for ip limit rule, over limit ip count=0

2022-07-24 11:06:21,795 INFO Out dated connection ,size=0

2022-07-24 11:06:21,797 INFO Connection check task end

2022-07-24 11:06:22,561 INFO Connection transportReady,connectionId = 1658631982561_172.24.0.5_53950 

2022-07-24 11:06:22,582 INFO new connection registered successfully, connectionId = 1658631982561_172.24.0.5_53950,connection=Connection{traced=false, abilities=null, metaInfo=ConnectionMeta{connectType='GRPC', clientIp='172.24.0.5', remoteIp='172.24.0.5', remotePort=53950, localPort=9849, version='Nacos-Java-Client:v2.1.0', connectionId='1658631982561_172.24.0.5_53950', createTime=Sun Jul 24 11:06:22 CST 2022, lastActiveTime=1658631982582, appName='-', tenant='null', labels={source=cluster}}} 

2022-07-24 11:06:23,839 INFO Connection check task start

2022-07-24 11:06:23,843 INFO Total count =2, sdkCount=0,clusterCount=2, currentLimit=-1, toExpelCount=0

2022-07-24 11:06:23,845 INFO Check over limit for ip limit rule, over limit ip count=0

2022-07-24 11:06:23,846 INFO Out dated connection ,size=0

2022-07-24 11:06:23,847 INFO Connection check task end

2022-07-24 11:06:24,035 INFO Connection check task start

2022-07-24 11:06:24,040 INFO Total count =2, sdkCount=0,clusterCount=2, currentLimit=-1, toExpelCount=0

2022-07-24 11:06:24,042 INFO Check over limit for ip limit rule, over limit ip count=0

2022-07-24 11:06:24,043 INFO Out dated connection ,size=0

2022-07-24 11:06:24,044 INFO Connection check task end

2022-07-24 11:06:24,797 INFO Connection check task start

2022-07-24 11:06:24,799 INFO Total count =2, sdkCount=0,clusterCount=2, currentLimit=-1, toExpelCount=0

2022-07-24 11:06:24,799 INFO Check over limit for ip limit rule, over limit ip count=0

2022-07-24 11:06:24,800 INFO Out dated connection ,size=0

2022-07-24 11:06:24,800 INFO Connection check task end

2022-07-24 11:06:26,848 INFO Connection check task start

2022-07-24 11:06:26,851 INFO Total count =2, sdkCount=0,clusterCount=2, currentLimit=-1, toExpelCount=0

2022-07-24 11:06:26,852 INFO Check over limit for ip limit rule, over limit ip count=0

2022-07-24 11:06:26,854 INFO Out dated connection ,size=0

2022-07-24 11:06:26,855 INFO Connection check task end

2022-07-24 11:06:27,046 INFO Connection check task start

2022-07-24 11:06:27,047 INFO Total count =2, sdkCount=0,clusterCount=2, currentLimit=-1, toExpelCount=0

2022-07-24 11:06:27,049 INFO Check over limit for ip limit rule, over limit ip count=0

2022-07-24 11:06:27,050 INFO Out dated connection ,size=0

2022-07-24 11:06:27,051 INFO Connection check task end

2022-07-24 11:06:27,802 INFO Connection check task start

2022-07-24 11:06:27,806 INFO Total count =2, sdkCount=0,clusterCount=2, currentLimit=-1, toExpelCount=0

2022-07-24 11:06:27,808 INFO Check over limit for ip limit rule, over limit ip count=0

2022-07-24 11:06:27,809 INFO Out dated connection ,size=0

2022-07-24 11:06:27,810 INFO Connection check task end

2022-07-24 11:06:29,858 INFO Connection check task start

2022-07-24 11:06:29,861 INFO Total count =2, sdkCount=0,clusterCount=2, currentLimit=-1, toExpelCount=0

2022-07-24 11:06:29,862 INFO Check over limit for ip limit rule, over limit ip count=0

2022-07-24 11:06:29,863 INFO Out dated connection ,size=0

2022-07-24 11:06:29,865 INFO Connection check task end

2022-07-24 11:06:30,052 INFO Connection check task start

2022-07-24 11:06:30,054 INFO Total count =2, sdkCount=0,clusterCount=2, currentLimit=-1, toExpelCount=0

2022-07-24 11:06:30,055 INFO Check over limit for ip limit rule, over limit ip count=0

2022-07-24 11:06:30,056 INFO Out dated connection ,size=0

2022-07-24 11:06:30,057 INFO Connection check task end

2022-07-24 11:06:30,812 INFO Connection check task start

2022-07-24 11:06:30,813 INFO Total count =2, sdkCount=0,clusterCount=2, currentLimit=-1, toExpelCount=0

2022-07-24 11:06:30,814 INFO Check over limit for ip limit rule, over limit ip count=0

2022-07-24 11:06:30,815 INFO Out dated connection ,size=0

2022-07-24 11:06:30,816 INFO Connection check task end

2022-07-24 11:06:32,866 INFO Connection check task start

2022-07-24 11:06:32,868 INFO Total count =2, sdkCount=0,clusterCount=2, currentLimit=-1, toExpelCount=0

2022-07-24 11:06:32,869 INFO Check over limit for ip limit rule, over limit ip count=0

2022-07-24 11:06:32,871 INFO Out dated connection ,size=0

2022-07-24 11:06:32,871 INFO Connection check task end

2022-07-24 11:06:33,058 INFO Connection check task start

2022-07-24 11:06:33,059 INFO Total count =2, sdkCount=0,clusterCount=2, currentLimit=-1, toExpelCount=0

2022-07-24 11:06:33,061 INFO Check over limit for ip limit rule, over limit ip count=0

2022-07-24 11:06:33,062 INFO Out dated connection ,size=0

2022-07-24 11:06:33,063 INFO Connection check task end

2022-07-24 11:06:33,817 INFO Connection check task start

2022-07-24 11:06:33,820 INFO Total count =2, sdkCount=0,clusterCount=2, currentLimit=-1, toExpelCount=0

2022-07-24 11:06:33,822 INFO Check over limit for ip limit rule, over limit ip count=0

2022-07-24 11:06:33,823 INFO Out dated connection ,size=0

2022-07-24 11:06:33,825 INFO Connection check task end

2022-07-24 11:06:35,850 INFO Connection check task start

2022-07-24 11:06:35,854 INFO Total count =2, sdkCount=0,clusterCount=2, currentLimit=-1, toExpelCount=0

2022-07-24 11:06:35,855 INFO Check over limit for ip limit rule, over limit ip count=0

2022-07-24 11:06:35,856 INFO Out dated connection ,size=0

2022-07-24 11:06:35,858 INFO Connection check task end

2022-07-24 11:06:36,043 INFO Connection check task start

2022-07-24 11:06:36,046 INFO Total count =2, sdkCount=0,clusterCount=2, currentLimit=-1, toExpelCount=0

2022-07-24 11:06:36,047 INFO Check over limit for ip limit rule, over limit ip count=0

2022-07-24 11:06:36,048 INFO Out dated connection ,size=0

2022-07-24 11:06:36,049 INFO Connection check task end

2022-07-24 11:06:36,806 INFO Connection check task start

2022-07-24 11:06:36,808 INFO Total count =2, sdkCount=0,clusterCount=2, currentLimit=-1, toExpelCount=0

2022-07-24 11:06:36,809 INFO Check over limit for ip limit rule, over limit ip count=0

2022-07-24 11:06:36,810 INFO Out dated connection ,size=0

2022-07-24 11:06:36,811 INFO Connection check task end

2022-07-24 11:06:38,859 INFO Connection check task start

2022-07-24 11:06:38,861 INFO Total count =2, sdkCount=0,clusterCount=2, currentLimit=-1, toExpelCount=0

2022-07-24 11:06:38,862 INFO Check over limit for ip limit rule, over limit ip count=0

2022-07-24 11:06:38,863 INFO Out dated connection ,size=0

2022-07-24 11:06:38,864 INFO Connection check task end

2022-07-24 11:06:39,051 INFO Connection check task start

2022-07-24 11:06:39,053 INFO Total count =2, sdkCount=0,clusterCount=2, currentLimit=-1, toExpelCount=0

2022-07-24 11:06:39,055 INFO Check over limit for ip limit rule, over limit ip count=0

2022-07-24 11:06:39,056 INFO Out dated connection ,size=0

2022-07-24 11:06:39,057 INFO Connection check task end

2022-07-24 11:06:39,813 INFO Connection check task start

2022-07-24 11:06:39,815 INFO Total count =2, sdkCount=0,clusterCount=2, currentLimit=-1, toExpelCount=0

2022-07-24 11:06:39,817 INFO Check over limit for ip limit rule, over limit ip count=0

2022-07-24 11:06:39,818 INFO Out dated connection ,size=0

2022-07-24 11:06:39,819 INFO Connection check task end

2022-07-24 11:06:41,866 INFO Connection check task start

2022-07-24 11:06:41,869 INFO Total count =2, sdkCount=0,clusterCount=2, currentLimit=-1, toExpelCount=0

2022-07-24 11:06:41,870 INFO Check over limit for ip limit rule, over limit ip count=0

2022-07-24 11:06:41,871 INFO Out dated connection ,size=0

2022-07-24 11:06:41,873 INFO Connection check task end

2022-07-24 11:06:42,058 INFO Connection check task start

2022-07-24 11:06:42,061 INFO Total count =2, sdkCount=0,clusterCount=2, currentLimit=-1, toExpelCount=0

2022-07-24 11:06:42,062 INFO Check over limit for ip limit rule, over limit ip count=0

2022-07-24 11:06:42,064 INFO Out dated connection ,size=0

2022-07-24 11:06:42,064 INFO Connection check task end

2022-07-24 11:06:42,820 INFO Connection check task start

2022-07-24 11:06:42,821 INFO Total count =2, sdkCount=0,clusterCount=2, currentLimit=-1, toExpelCount=0

2022-07-24 11:06:42,822 INFO Check over limit for ip limit rule, over limit ip count=0

2022-07-24 11:06:42,823 INFO Out dated connection ,size=0

2022-07-24 11:06:42,824 INFO Connection check task end

2022-07-24 11:06:44,874 INFO Connection check task start

2022-07-24 11:06:44,877 INFO Total count =2, sdkCount=0,clusterCount=2, currentLimit=-1, toExpelCount=0

2022-07-24 11:06:44,878 INFO Check over limit for ip limit rule, over limit ip count=0

2022-07-24 11:06:44,880 INFO Out dated connection ,size=0

2022-07-24 11:06:44,881 INFO Connection check task end

2022-07-24 11:06:45,065 INFO Connection check task start

2022-07-24 11:06:45,068 INFO Total count =2, sdkCount=0,clusterCount=2, currentLimit=-1, toExpelCount=0

2022-07-24 11:06:45,069 INFO Check over limit for ip limit rule, over limit ip count=0

2022-07-24 11:06:45,070 INFO Out dated connection ,size=0

2022-07-24 11:06:45,072 INFO Connection check task end

2022-07-24 11:06:45,824 INFO Connection check task start

2022-07-24 11:06:45,826 INFO Total count =2, sdkCount=0,clusterCount=2, currentLimit=-1, toExpelCount=0

2022-07-24 11:06:45,828 INFO Check over limit for ip limit rule, over limit ip count=0

2022-07-24 11:06:45,829 INFO Out dated connection ,size=0

2022-07-24 11:06:45,830 INFO Connection check task end

2022-07-24 11:06:47,883 INFO Connection check task start

2022-07-24 11:06:47,885 INFO Total count =2, sdkCount=0,clusterCount=2, currentLimit=-1, toExpelCount=0

2022-07-24 11:06:47,887 INFO Check over limit for ip limit rule, over limit ip count=0

2022-07-24 11:06:47,888 INFO Out dated connection ,size=0

2022-07-24 11:06:47,889 INFO Connection check task end

2022-07-24 11:06:48,073 INFO Connection check task start

2022-07-24 11:06:48,076 INFO Total count =2, sdkCount=0,clusterCount=2, currentLimit=-1, toExpelCount=0

2022-07-24 11:06:48,077 INFO Check over limit for ip limit rule, over limit ip count=0

2022-07-24 11:06:48,078 INFO Out dated connection ,size=0

2022-07-24 11:06:48,079 INFO Connection check task end

2022-07-24 11:06:48,831 INFO Connection check task start

2022-07-24 11:06:48,834 INFO Total count =2, sdkCount=0,clusterCount=2, currentLimit=-1, toExpelCount=0

2022-07-24 11:06:48,834 INFO Check over limit for ip limit rule, over limit ip count=0

2022-07-24 11:06:48,835 INFO Out dated connection ,size=0

2022-07-24 11:06:48,836 INFO Connection check task end

2022-07-24 11:06:50,890 INFO Connection check task start

2022-07-24 11:06:50,892 INFO Total count =2, sdkCount=0,clusterCount=2, currentLimit=-1, toExpelCount=0

2022-07-24 11:06:50,892 INFO Check over limit for ip limit rule, over limit ip count=0

2022-07-24 11:06:50,893 INFO Out dated connection ,size=0

2022-07-24 11:06:50,894 INFO Connection check task end

2022-07-24 11:06:51,080 INFO Connection check task start

2022-07-24 11:06:51,083 INFO Total count =2, sdkCount=0,clusterCount=2, currentLimit=-1, toExpelCount=0

2022-07-24 11:06:51,085 INFO Check over limit for ip limit rule, over limit ip count=0

2022-07-24 11:06:51,086 INFO Out dated connection ,size=0

2022-07-24 11:06:51,088 INFO Connection check task end

2022-07-24 11:06:51,837 INFO Connection check task start

2022-07-24 11:06:51,839 INFO Total count =2, sdkCount=0,clusterCount=2, currentLimit=-1, toExpelCount=0

2022-07-24 11:06:51,840 INFO Check over limit for ip limit rule, over limit ip count=0

2022-07-24 11:06:51,840 INFO Out dated connection ,size=0

2022-07-24 11:06:51,841 INFO Connection check task end

2022-07-24 11:06:53,895 INFO Connection check task start

2022-07-24 11:06:53,899 INFO Total count =2, sdkCount=0,clusterCount=2, currentLimit=-1, toExpelCount=0

2022-07-24 11:06:53,901 INFO Check over limit for ip limit rule, over limit ip count=0

2022-07-24 11:06:53,901 INFO Out dated connection ,size=0

2022-07-24 11:06:53,903 INFO Connection check task end

2022-07-24 11:06:54,090 INFO Connection check task start

2022-07-24 11:06:54,093 INFO Total count =2, sdkCount=0,clusterCount=2, currentLimit=-1, toExpelCount=0

2022-07-24 11:06:54,094 INFO Check over limit for ip limit rule, over limit ip count=0

2022-07-24 11:06:54,095 INFO Out dated connection ,size=0

2022-07-24 11:06:54,096 INFO Connection check task end

2022-07-24 11:06:54,843 INFO Connection check task start

2022-07-24 11:06:54,846 INFO Total count =2, sdkCount=0,clusterCount=2, currentLimit=-1, toExpelCount=0

2022-07-24 11:06:54,846 INFO Check over limit for ip limit rule, over limit ip count=0

2022-07-24 11:06:54,848 INFO Out dated connection ,size=0

2022-07-24 11:06:54,848 INFO Connection check task end

2022-07-24 11:06:56,904 INFO Connection check task start

2022-07-24 11:06:56,905 INFO Total count =2, sdkCount=0,clusterCount=2, currentLimit=-1, toExpelCount=0

2022-07-24 11:06:56,906 INFO Check over limit for ip limit rule, over limit ip count=0

2022-07-24 11:06:56,907 INFO Out dated connection ,size=0

2022-07-24 11:06:56,908 INFO Connection check task end

2022-07-24 11:06:57,097 INFO Connection check task start

2022-07-24 11:06:57,099 INFO Total count =2, sdkCount=0,clusterCount=2, currentLimit=-1, toExpelCount=0

2022-07-24 11:06:57,100 INFO Check over limit for ip limit rule, over limit ip count=0

2022-07-24 11:06:57,101 INFO Out dated connection ,size=0

2022-07-24 11:06:57,102 INFO Connection check task end

2022-07-24 11:06:57,849 INFO Connection check task start

2022-07-24 11:06:57,850 INFO Total count =2, sdkCount=0,clusterCount=2, currentLimit=-1, toExpelCount=0

2022-07-24 11:06:57,851 INFO Check over limit for ip limit rule, over limit ip count=0

2022-07-24 11:06:57,852 INFO Out dated connection ,size=0

2022-07-24 11:06:57,853 INFO Connection check task end

2022-07-24 11:06:59,909 INFO Connection check task start

2022-07-24 11:06:59,912 INFO Total count =2, sdkCount=0,clusterCount=2, currentLimit=-1, toExpelCount=0

2022-07-24 11:06:59,913 INFO Check over limit for ip limit rule, over limit ip count=0

2022-07-24 11:06:59,914 INFO Out dated connection ,size=0

2022-07-24 11:06:59,916 INFO Connection check task end

2022-07-24 11:07:00,104 INFO Connection check task start

2022-07-24 11:07:00,105 INFO Total count =2, sdkCount=0,clusterCount=2, currentLimit=-1, toExpelCount=0

2022-07-24 11:07:00,107 INFO Check over limit for ip limit rule, over limit ip count=0

2022-07-24 11:07:00,108 INFO Out dated connection ,size=0

2022-07-24 11:07:00,109 INFO Connection check task end

2022-07-24 11:07:00,855 INFO Connection check task start

2022-07-24 11:07:00,857 INFO Total count =2, sdkCount=0,clusterCount=2, currentLimit=-1, toExpelCount=0

2022-07-24 11:07:00,858 INFO Check over limit for ip limit rule, over limit ip count=0

2022-07-24 11:07:00,858 INFO Out dated connection ,size=0

2022-07-24 11:07:00,859 INFO Connection check task end

2022-07-24 11:07:02,916 INFO Connection check task start

2022-07-24 11:07:02,918 INFO Total count =2, sdkCount=0,clusterCount=2, currentLimit=-1, toExpelCount=0

2022-07-24 11:07:02,918 INFO Check over limit for ip limit rule, over limit ip count=0

2022-07-24 11:07:02,919 INFO Out dated connection ,size=0

2022-07-24 11:07:02,920 INFO Connection check task end

2022-07-24 11:07:03,110 INFO Connection check task start

2022-07-24 11:07:03,111 INFO Total count =2, sdkCount=0,clusterCount=2, currentLimit=-1, toExpelCount=0

2022-07-24 11:07:03,113 INFO Check over limit for ip limit rule, over limit ip count=0

2022-07-24 11:07:03,113 INFO Out dated connection ,size=0

2022-07-24 11:07:03,114 INFO Connection check task end

2022-07-24 11:07:03,464 INFO Connection transportTerminated,connectionId = 1658631978812_172.24.0.3_33740 

2022-07-24 11:07:03,468 INFO [1658631978812_172.24.0.3_33740]Connection unregistered successfully. 

2022-07-24 11:07:03,483 INFO [1658631978812_172.24.0.3_33740]client disconnected,clear config listen context

2022-07-24 11:07:03,474 INFO Connection transportTerminated,connectionId = 1658631980569_172.24.0.3_42380 

2022-07-24 11:07:03,492 INFO [1658631980569_172.24.0.3_42380]Connection unregistered successfully. 

2022-07-24 11:07:03,493 INFO [1658631980569_172.24.0.3_42380]client disconnected,clear config listen context

2022-07-24 11:07:03,485 INFO Connection transportTerminated,connectionId = 1658631982561_172.24.0.5_53950 

2022-07-24 11:07:03,495 INFO [1658631982561_172.24.0.5_53950]Connection unregistered successfully. 

2022-07-24 11:07:03,497 INFO [1658631982561_172.24.0.5_53950]client disconnected,clear config listen context

2022-07-24 11:07:03,501 INFO Connection transportTerminated,connectionId = 1658631981467_172.24.0.4_44070 

2022-07-24 11:07:03,537 INFO Connection transportTerminated,connectionId = 1658631980705_172.24.0.4_35894 

2022-07-24 11:07:03,552 INFO [1658631980705_172.24.0.4_35894]Connection unregistered successfully. 

2022-07-24 11:07:03,561 INFO [1658631980705_172.24.0.4_35894]client disconnected,clear config listen context

2022-07-24 11:07:04,179 INFO Connection check task start

2022-07-24 11:07:04,180 INFO Total count =0, sdkCount=0,clusterCount=0, currentLimit=-1, toExpelCount=0

2022-07-24 11:07:04,181 INFO Check over limit for ip limit rule, over limit ip count=0

2022-07-24 11:07:04,182 INFO Out dated connection ,size=0

2022-07-24 11:07:04,183 INFO Connection check task end

2022-07-24 11:07:03,501 INFO Connection transportTerminated,connectionId = 1658631979537_172.24.0.5_42008 

2022-07-24 11:07:04,220 INFO [1658631981467_172.24.0.4_44070]Connection unregistered successfully. 

2022-07-24 11:07:04,222 INFO [1658631981467_172.24.0.4_44070]client disconnected,clear config listen context

2022-07-24 11:07:04,225 INFO [1658631979537_172.24.0.5_42008]Connection unregistered successfully. 

2022-07-24 11:07:04,225 INFO [1658631979537_172.24.0.5_42008]client disconnected,clear config listen context

2022-07-24 11:07:05,899 INFO Connection check task start

2022-07-24 11:07:05,901 INFO Total count =0, sdkCount=0,clusterCount=0, currentLimit=-1, toExpelCount=0

2022-07-24 11:07:05,902 INFO Check over limit for ip limit rule, over limit ip count=0

2022-07-24 11:07:05,903 INFO Out dated connection ,size=0

2022-07-24 11:07:05,903 INFO Connection check task end

2022-07-24 11:07:06,093 INFO Connection check task start

2022-07-24 11:07:06,096 INFO Total count =0, sdkCount=0,clusterCount=0, currentLimit=-1, toExpelCount=0

2022-07-24 11:07:06,098 INFO Check over limit for ip limit rule, over limit ip count=0

2022-07-24 11:07:06,100 INFO Out dated connection ,size=0

2022-07-24 11:07:06,101 INFO Connection check task end

